SF:/home/studioai/.nuget/packages/microsoft.net.test.sdk/17.8.0/build/netcoreapp3.1/Microsoft.NET.Test.Sdk.Program.cs
FN:3,System.Void AutoGeneratedProgram::Main(System.String[])
FNDA:0,System.Void AutoGeneratedProgram::Main(System.String[])
DA:4,0
LF:1
LH:0
BRF:0
BRH:0
FNF:1
FNH:0
end_of_record
SF:/modernize-data/studio-data/TNT1001/APP2757/transformed-code/897/studio-workspace/Ecommerce-Informatica/src/EcommerceInformatica.Domain/Entities/Brand.cs
FN:7,System.Int32 EcommerceInformatica.Domain.Entities.Brand::get_Id()
FNDA:6,System.Int32 EcommerceInformatica.Domain.Entities.Brand::get_Id()
DA:8,6
FN:8,System.String EcommerceInformatica.Domain.Entities.Brand::get_Name()
FNDA:17,System.String EcommerceInformatica.Domain.Entities.Brand::get_Name()
DA:9,17
FN:9,System.String EcommerceInformatica.Domain.Entities.Brand::get_Description()
FNDA:7,System.String EcommerceInformatica.Domain.Entities.Brand::get_Description()
DA:10,7
FN:10,System.Boolean EcommerceInformatica.Domain.Entities.Brand::get_IsActive()
FNDA:7,System.Boolean EcommerceInformatica.Domain.Entities.Brand::get_IsActive()
DA:11,7
FN:11,System.DateTime EcommerceInformatica.Domain.Entities.Brand::get_CreatedDate()
FNDA:3,System.DateTime EcommerceInformatica.Domain.Entities.Brand::get_CreatedDate()
DA:12,3
FN:12,System.Nullable`1<System.DateTime> EcommerceInformatica.Domain.Entities.Brand::get_ModifiedDate()
FNDA:2,System.Nullable`1<System.DateTime> EcommerceInformatica.Domain.Entities.Brand::get_ModifiedDate()
DA:13,2
FN:13,System.String EcommerceInformatica.Domain.Entities.Brand::get_CreatedBy()
FNDA:13,System.String EcommerceInformatica.Domain.Entities.Brand::get_CreatedBy()
DA:14,13
FN:14,System.String EcommerceInformatica.Domain.Entities.Brand::get_ModifiedBy()
FNDA:2,System.String EcommerceInformatica.Domain.Entities.Brand::get_ModifiedBy()
DA:15,2
FN:17,System.Collections.Generic.ICollection`1<EcommerceInformatica.Domain.Entities.Product> EcommerceInformatica.Domain.Entities.Brand::get_Products()
FNDA:17,System.Collections.Generic.ICollection`1<EcommerceInformatica.Domain.Entities.Product> EcommerceInformatica.Domain.Entities.Brand::get_Products()
DA:18,17
LF:9
LH:9
BRF:0
BRH:0
FNF:9
FNH:9
end_of_record
SF:/modernize-data/studio-data/TNT1001/APP2757/transformed-code/897/studio-workspace/Ecommerce-Informatica/src/EcommerceInformatica.Domain/Entities/Category.cs
FN:7,System.Int32 EcommerceInformatica.Domain.Entities.Category::get_Id()
FNDA:14,System.Int32 EcommerceInformatica.Domain.Entities.Category::get_Id()
DA:8,14
FN:8,System.String EcommerceInformatica.Domain.Entities.Category::get_Name()
FNDA:33,System.String EcommerceInformatica.Domain.Entities.Category::get_Name()
DA:9,33
FN:9,System.String EcommerceInformatica.Domain.Entities.Category::get_Description()
FNDA:7,System.String EcommerceInformatica.Domain.Entities.Category::get_Description()
DA:10,7
FN:10,System.Boolean EcommerceInformatica.Domain.Entities.Category::get_IsActive()
FNDA:22,System.Boolean EcommerceInformatica.Domain.Entities.Category::get_IsActive()
DA:11,22
FN:11,System.DateTime EcommerceInformatica.Domain.Entities.Category::get_CreatedDate()
FNDA:3,System.DateTime EcommerceInformatica.Domain.Entities.Category::get_CreatedDate()
DA:12,3
FN:12,System.Nullable`1<System.DateTime> EcommerceInformatica.Domain.Entities.Category::get_ModifiedDate()
FNDA:3,System.Nullable`1<System.DateTime> EcommerceInformatica.Domain.Entities.Category::get_ModifiedDate()
DA:13,3
FN:13,System.String EcommerceInformatica.Domain.Entities.Category::get_CreatedBy()
FNDA:24,System.String EcommerceInformatica.Domain.Entities.Category::get_CreatedBy()
DA:14,24
FN:14,System.String EcommerceInformatica.Domain.Entities.Category::get_ModifiedBy()
FNDA:2,System.String EcommerceInformatica.Domain.Entities.Category::get_ModifiedBy()
DA:15,2
FN:17,System.Collections.Generic.ICollection`1<EcommerceInformatica.Domain.Entities.Product> EcommerceInformatica.Domain.Entities.Category::get_Products()
FNDA:32,System.Collections.Generic.ICollection`1<EcommerceInformatica.Domain.Entities.Product> EcommerceInformatica.Domain.Entities.Category::get_Products()
DA:18,32
LF:9
LH:9
BRF:0
BRH:0
FNF:9
FNH:9
end_of_record
SF:/modernize-data/studio-data/TNT1001/APP2757/transformed-code/897/studio-workspace/Ecommerce-Informatica/src/EcommerceInformatica.Domain/Entities/City.cs
FN:7,System.Int32 EcommerceInformatica.Domain.Entities.City::get_Id()
FNDA:3,System.Int32 EcommerceInformatica.Domain.Entities.City::get_Id()
DA:8,3
FN:8,System.String EcommerceInformatica.Domain.Entities.City::get_Name()
FNDA:12,System.String EcommerceInformatica.Domain.Entities.City::get_Name()
DA:9,12
FN:9,System.Int32 EcommerceInformatica.Domain.Entities.City::get_ProvinceId()
FNDA:3,System.Int32 EcommerceInformatica.Domain.Entities.City::get_ProvinceId()
DA:10,3
FN:10,System.Boolean EcommerceInformatica.Domain.Entities.City::get_IsActive()
FNDA:3,System.Boolean EcommerceInformatica.Domain.Entities.City::get_IsActive()
DA:11,3
FN:11,System.DateTime EcommerceInformatica.Domain.Entities.City::get_CreatedDate()
FNDA:1,System.DateTime EcommerceInformatica.Domain.Entities.City::get_CreatedDate()
DA:12,1
FN:12,System.Nullable`1<System.DateTime> EcommerceInformatica.Domain.Entities.City::get_ModifiedDate()
FNDA:2,System.Nullable`1<System.DateTime> EcommerceInformatica.Domain.Entities.City::get_ModifiedDate()
DA:13,2
FN:13,System.String EcommerceInformatica.Domain.Entities.City::get_CreatedBy()
FNDA:11,System.String EcommerceInformatica.Domain.Entities.City::get_CreatedBy()
DA:14,11
FN:14,System.String EcommerceInformatica.Domain.Entities.City::get_ModifiedBy()
FNDA:0,System.String EcommerceInformatica.Domain.Entities.City::get_ModifiedBy()
DA:15,0
FN:17,EcommerceInformatica.Domain.Entities.Province EcommerceInformatica.Domain.Entities.City::get_Province()
FNDA:2,EcommerceInformatica.Domain.Entities.Province EcommerceInformatica.Domain.Entities.City::get_Province()
DA:18,2
FN:18,System.Collections.Generic.ICollection`1<EcommerceInformatica.Domain.Entities.Person> EcommerceInformatica.Domain.Entities.City::get_Persons()
FNDA:15,System.Collections.Generic.ICollection`1<EcommerceInformatica.Domain.Entities.Person> EcommerceInformatica.Domain.Entities.City::get_Persons()
DA:19,15
LF:10
LH:9
BRF:0
BRH:0
FNF:10
FNH:9
end_of_record
SF:/modernize-data/studio-data/TNT1001/APP2757/transformed-code/897/studio-workspace/Ecommerce-Informatica/src/EcommerceInformatica.Domain/Entities/Order.cs
FN:7,System.Int32 EcommerceInformatica.Domain.Entities.Order::get_Id()
FNDA:3,System.Int32 EcommerceInformatica.Domain.Entities.Order::get_Id()
DA:8,3
FN:8,System.Int32 EcommerceInformatica.Domain.Entities.Order::get_PersonId()
FNDA:3,System.Int32 EcommerceInformatica.Domain.Entities.Order::get_PersonId()
DA:9,3
FN:9,System.DateTime EcommerceInformatica.Domain.Entities.Order::get_OrderDate()
FNDA:2,System.DateTime EcommerceInformatica.Domain.Entities.Order::get_OrderDate()
DA:10,2
FN:10,System.Int32 EcommerceInformatica.Domain.Entities.Order::get_PaymentMethodId()
FNDA:4,System.Int32 EcommerceInformatica.Domain.Entities.Order::get_PaymentMethodId()
DA:11,4
FN:11,System.Decimal EcommerceInformatica.Domain.Entities.Order::get_TotalAmount()
FNDA:7,System.Decimal EcommerceInformatica.Domain.Entities.Order::get_TotalAmount()
DA:12,7
FN:12,System.String EcommerceInformatica.Domain.Entities.Order::get_Status()
FNDA:13,System.String EcommerceInformatica.Domain.Entities.Order::get_Status()
DA:13,13
FN:13,System.Boolean EcommerceInformatica.Domain.Entities.Order::get_IsActive()
FNDA:4,System.Boolean EcommerceInformatica.Domain.Entities.Order::get_IsActive()
DA:14,4
FN:14,System.DateTime EcommerceInformatica.Domain.Entities.Order::get_CreatedDate()
FNDA:2,System.DateTime EcommerceInformatica.Domain.Entities.Order::get_CreatedDate()
DA:15,2
FN:15,System.Nullable`1<System.DateTime> EcommerceInformatica.Domain.Entities.Order::get_ModifiedDate()
FNDA:2,System.Nullable`1<System.DateTime> EcommerceInformatica.Domain.Entities.Order::get_ModifiedDate()
DA:16,2
FN:16,System.String EcommerceInformatica.Domain.Entities.Order::get_CreatedBy()
FNDA:11,System.String EcommerceInformatica.Domain.Entities.Order::get_CreatedBy()
DA:17,11
FN:17,System.String EcommerceInformatica.Domain.Entities.Order::get_ModifiedBy()
FNDA:0,System.String EcommerceInformatica.Domain.Entities.Order::get_ModifiedBy()
DA:18,0
FN:20,EcommerceInformatica.Domain.Entities.Person EcommerceInformatica.Domain.Entities.Order::get_Person()
FNDA:1,EcommerceInformatica.Domain.Entities.Person EcommerceInformatica.Domain.Entities.Order::get_Person()
DA:21,1
FN:21,EcommerceInformatica.Domain.Entities.PaymentMethod EcommerceInformatica.Domain.Entities.Order::get_PaymentMethod()
FNDA:1,EcommerceInformatica.Domain.Entities.PaymentMethod EcommerceInformatica.Domain.Entities.Order::get_PaymentMethod()
DA:22,1
FN:22,System.Collections.Generic.ICollection`1<EcommerceInformatica.Domain.Entities.OrderDetail> EcommerceInformatica.Domain.Entities.Order::get_OrderDetails()
FNDA:16,System.Collections.Generic.ICollection`1<EcommerceInformatica.Domain.Entities.OrderDetail> EcommerceInformatica.Domain.Entities.Order::get_OrderDetails()
DA:23,16
LF:14
LH:13
BRF:0
BRH:0
FNF:14
FNH:13
end_of_record
SF:/modernize-data/studio-data/TNT1001/APP2757/transformed-code/897/studio-workspace/Ecommerce-Informatica/src/EcommerceInformatica.Domain/Entities/OrderDetail.cs
FN:7,System.Int32 EcommerceInformatica.Domain.Entities.OrderDetail::get_Id()
FNDA:2,System.Int32 EcommerceInformatica.Domain.Entities.OrderDetail::get_Id()
DA:8,2
FN:8,System.Int32 EcommerceInformatica.Domain.Entities.OrderDetail::get_OrderId()
FNDA:3,System.Int32 EcommerceInformatica.Domain.Entities.OrderDetail::get_OrderId()
DA:9,3
FN:9,System.Int32 EcommerceInformatica.Domain.Entities.OrderDetail::get_ProductId()
FNDA:3,System.Int32 EcommerceInformatica.Domain.Entities.OrderDetail::get_ProductId()
DA:10,3
FN:10,System.Int32 EcommerceInformatica.Domain.Entities.OrderDetail::get_Quantity()
FNDA:5,System.Int32 EcommerceInformatica.Domain.Entities.OrderDetail::get_Quantity()
DA:11,5
FN:11,System.Decimal EcommerceInformatica.Domain.Entities.OrderDetail::get_UnitPrice()
FNDA:5,System.Decimal EcommerceInformatica.Domain.Entities.OrderDetail::get_UnitPrice()
DA:12,5
FN:12,System.Decimal EcommerceInformatica.Domain.Entities.OrderDetail::get_Subtotal()
FNDA:5,System.Decimal EcommerceInformatica.Domain.Entities.OrderDetail::get_Subtotal()
DA:13,5
FN:13,System.Boolean EcommerceInformatica.Domain.Entities.OrderDetail::get_IsActive()
FNDA:3,System.Boolean EcommerceInformatica.Domain.Entities.OrderDetail::get_IsActive()
DA:14,3
FN:14,System.DateTime EcommerceInformatica.Domain.Entities.OrderDetail::get_CreatedDate()
FNDA:1,System.DateTime EcommerceInformatica.Domain.Entities.OrderDetail::get_CreatedDate()
DA:15,1
FN:15,System.Nullable`1<System.DateTime> EcommerceInformatica.Domain.Entities.OrderDetail::get_ModifiedDate()
FNDA:2,System.Nullable`1<System.DateTime> EcommerceInformatica.Domain.Entities.OrderDetail::get_ModifiedDate()
DA:16,2
FN:16,System.String EcommerceInformatica.Domain.Entities.OrderDetail::get_CreatedBy()
FNDA:10,System.String EcommerceInformatica.Domain.Entities.OrderDetail::get_CreatedBy()
DA:17,10
FN:17,System.String EcommerceInformatica.Domain.Entities.OrderDetail::get_ModifiedBy()
FNDA:2,System.String EcommerceInformatica.Domain.Entities.OrderDetail::get_ModifiedBy()
DA:18,2
FN:20,EcommerceInformatica.Domain.Entities.Order EcommerceInformatica.Domain.Entities.OrderDetail::get_Order()
FNDA:1,EcommerceInformatica.Domain.Entities.Order EcommerceInformatica.Domain.Entities.OrderDetail::get_Order()
DA:21,1
FN:21,EcommerceInformatica.Domain.Entities.Product EcommerceInformatica.Domain.Entities.OrderDetail::get_Product()
FNDA:1,EcommerceInformatica.Domain.Entities.Product EcommerceInformatica.Domain.Entities.OrderDetail::get_Product()
DA:22,1
LF:13
LH:13
BRF:0
BRH:0
FNF:13
FNH:13
end_of_record
SF:/modernize-data/studio-data/TNT1001/APP2757/transformed-code/897/studio-workspace/Ecommerce-Informatica/src/EcommerceInformatica.Domain/Entities/PaymentMethod.cs
FN:7,System.Int32 EcommerceInformatica.Domain.Entities.PaymentMethod::get_Id()
FNDA:3,System.Int32 EcommerceInformatica.Domain.Entities.PaymentMethod::get_Id()
DA:8,3
FN:8,System.String EcommerceInformatica.Domain.Entities.PaymentMethod::get_Name()
FNDA:10,System.String EcommerceInformatica.Domain.Entities.PaymentMethod::get_Name()
DA:9,10
FN:9,System.String EcommerceInformatica.Domain.Entities.PaymentMethod::get_Description()
FNDA:4,System.String EcommerceInformatica.Domain.Entities.PaymentMethod::get_Description()
DA:10,4
FN:10,System.Boolean EcommerceInformatica.Domain.Entities.PaymentMethod::get_IsActive()
FNDA:3,System.Boolean EcommerceInformatica.Domain.Entities.PaymentMethod::get_IsActive()
DA:11,3
FN:11,System.DateTime EcommerceInformatica.Domain.Entities.PaymentMethod::get_CreatedDate()
FNDA:1,System.DateTime EcommerceInformatica.Domain.Entities.PaymentMethod::get_CreatedDate()
DA:12,1
FN:12,System.Nullable`1<System.DateTime> EcommerceInformatica.Domain.Entities.PaymentMethod::get_ModifiedDate()
FNDA:2,System.Nullable`1<System.DateTime> EcommerceInformatica.Domain.Entities.PaymentMethod::get_ModifiedDate()
DA:13,2
FN:13,System.String EcommerceInformatica.Domain.Entities.PaymentMethod::get_CreatedBy()
FNDA:10,System.String EcommerceInformatica.Domain.Entities.PaymentMethod::get_CreatedBy()
DA:14,10
FN:14,System.String EcommerceInformatica.Domain.Entities.PaymentMethod::get_ModifiedBy()
FNDA:2,System.String EcommerceInformatica.Domain.Entities.PaymentMethod::get_ModifiedBy()
DA:15,2
FN:17,System.Collections.Generic.ICollection`1<EcommerceInformatica.Domain.Entities.Order> EcommerceInformatica.Domain.Entities.PaymentMethod::get_Orders()
FNDA:14,System.Collections.Generic.ICollection`1<EcommerceInformatica.Domain.Entities.Order> EcommerceInformatica.Domain.Entities.PaymentMethod::get_Orders()
DA:18,14
LF:9
LH:9
BRF:0
BRH:0
FNF:9
FNH:9
end_of_record
SF:/modernize-data/studio-data/TNT1001/APP2757/transformed-code/897/studio-workspace/Ecommerce-Informatica/src/EcommerceInformatica.Domain/Entities/Person.cs
FN:7,System.Int32 EcommerceInformatica.Domain.Entities.Person::get_Id()
FNDA:5,System.Int32 EcommerceInformatica.Domain.Entities.Person::get_Id()
DA:8,5
FN:8,System.String EcommerceInformatica.Domain.Entities.Person::get_FirstName()
FNDA:17,System.String EcommerceInformatica.Domain.Entities.Person::get_FirstName()
DA:9,17
FN:9,System.String EcommerceInformatica.Domain.Entities.Person::get_LastName()
FNDA:16,System.String EcommerceInformatica.Domain.Entities.Person::get_LastName()
DA:10,16
FN:10,System.String EcommerceInformatica.Domain.Entities.Person::get_Email()
FNDA:16,System.String EcommerceInformatica.Domain.Entities.Person::get_Email()
DA:11,16
FN:11,System.String EcommerceInformatica.Domain.Entities.Person::get_Phone()
FNDA:7,System.String EcommerceInformatica.Domain.Entities.Person::get_Phone()
DA:12,7
FN:12,System.String EcommerceInformatica.Domain.Entities.Person::get_Address()
FNDA:7,System.String EcommerceInformatica.Domain.Entities.Person::get_Address()
DA:13,7
FN:13,System.Nullable`1<System.Int32> EcommerceInformatica.Domain.Entities.Person::get_CityId()
FNDA:8,System.Nullable`1<System.Int32> EcommerceInformatica.Domain.Entities.Person::get_CityId()
DA:14,8
FN:14,System.Nullable`1<System.Int32> EcommerceInformatica.Domain.Entities.Person::get_ProvinceId()
FNDA:7,System.Nullable`1<System.Int32> EcommerceInformatica.Domain.Entities.Person::get_ProvinceId()
DA:15,7
FN:15,System.String EcommerceInformatica.Domain.Entities.Person::get_Username()
FNDA:16,System.String EcommerceInformatica.Domain.Entities.Person::get_Username()
DA:16,16
FN:16,System.String EcommerceInformatica.Domain.Entities.Person::get_PasswordHash()
FNDA:14,System.String EcommerceInformatica.Domain.Entities.Person::get_PasswordHash()
DA:17,14
FN:17,System.String EcommerceInformatica.Domain.Entities.Person::get_Role()
FNDA:16,System.String EcommerceInformatica.Domain.Entities.Person::get_Role()
DA:18,16
FN:18,System.Boolean EcommerceInformatica.Domain.Entities.Person::get_IsActive()
FNDA:7,System.Boolean EcommerceInformatica.Domain.Entities.Person::get_IsActive()
DA:19,7
FN:19,System.DateTime EcommerceInformatica.Domain.Entities.Person::get_CreatedDate()
FNDA:3,System.DateTime EcommerceInformatica.Domain.Entities.Person::get_CreatedDate()
DA:20,3
FN:20,System.Nullable`1<System.DateTime> EcommerceInformatica.Domain.Entities.Person::get_ModifiedDate()
FNDA:2,System.Nullable`1<System.DateTime> EcommerceInformatica.Domain.Entities.Person::get_ModifiedDate()
DA:21,2
FN:21,System.String EcommerceInformatica.Domain.Entities.Person::get_CreatedBy()
FNDA:13,System.String EcommerceInformatica.Domain.Entities.Person::get_CreatedBy()
DA:22,13
FN:22,System.String EcommerceInformatica.Domain.Entities.Person::get_ModifiedBy()
FNDA:0,System.String EcommerceInformatica.Domain.Entities.Person::get_ModifiedBy()
DA:23,0
FN:25,EcommerceInformatica.Domain.Entities.City EcommerceInformatica.Domain.Entities.Person::get_City()
FNDA:4,EcommerceInformatica.Domain.Entities.City EcommerceInformatica.Domain.Entities.Person::get_City()
DA:26,4
FN:26,EcommerceInformatica.Domain.Entities.Province EcommerceInformatica.Domain.Entities.Person::get_Province()
FNDA:4,EcommerceInformatica.Domain.Entities.Province EcommerceInformatica.Domain.Entities.Person::get_Province()
DA:27,4
FN:27,System.Collections.Generic.ICollection`1<EcommerceInformatica.Domain.Entities.Order> EcommerceInformatica.Domain.Entities.Person::get_Orders()
FNDA:15,System.Collections.Generic.ICollection`1<EcommerceInformatica.Domain.Entities.Order> EcommerceInformatica.Domain.Entities.Person::get_Orders()
DA:28,15
LF:19
LH:18
BRF:0
BRH:0
FNF:19
FNH:18
end_of_record
SF:/modernize-data/studio-data/TNT1001/APP2757/transformed-code/897/studio-workspace/Ecommerce-Informatica/src/EcommerceInformatica.Domain/Entities/Product.cs
FN:7,System.Int32 EcommerceInformatica.Domain.Entities.Product::get_Id()
FNDA:13,System.Int32 EcommerceInformatica.Domain.Entities.Product::get_Id()
DA:8,13
FN:8,System.String EcommerceInformatica.Domain.Entities.Product::get_Name()
FNDA:42,System.String EcommerceInformatica.Domain.Entities.Product::get_Name()
DA:9,42
FN:9,System.String EcommerceInformatica.Domain.Entities.Product::get_Description()
FNDA:11,System.String EcommerceInformatica.Domain.Entities.Product::get_Description()
DA:10,11
FN:10,System.Int32 EcommerceInformatica.Domain.Entities.Product::get_ProviderId()
FNDA:11,System.Int32 EcommerceInformatica.Domain.Entities.Product::get_ProviderId()
DA:11,11
FN:11,System.Int32 EcommerceInformatica.Domain.Entities.Product::get_BrandId()
FNDA:14,System.Int32 EcommerceInformatica.Domain.Entities.Product::get_BrandId()
DA:12,14
FN:12,System.Int32 EcommerceInformatica.Domain.Entities.Product::get_CategoryId()
FNDA:14,System.Int32 EcommerceInformatica.Domain.Entities.Product::get_CategoryId()
DA:13,14
FN:13,System.Int32 EcommerceInformatica.Domain.Entities.Product::get_Stock()
FNDA:15,System.Int32 EcommerceInformatica.Domain.Entities.Product::get_Stock()
DA:14,15
FN:14,System.Decimal EcommerceInformatica.Domain.Entities.Product::get_UnitPrice()
FNDA:13,System.Decimal EcommerceInformatica.Domain.Entities.Product::get_UnitPrice()
DA:15,13
FN:15,System.Boolean EcommerceInformatica.Domain.Entities.Product::get_IsActive()
FNDA:30,System.Boolean EcommerceInformatica.Domain.Entities.Product::get_IsActive()
DA:16,30
FN:16,System.DateTime EcommerceInformatica.Domain.Entities.Product::get_CreatedDate()
FNDA:4,System.DateTime EcommerceInformatica.Domain.Entities.Product::get_CreatedDate()
DA:17,4
FN:17,System.Nullable`1<System.DateTime> EcommerceInformatica.Domain.Entities.Product::get_ModifiedDate()
FNDA:4,System.Nullable`1<System.DateTime> EcommerceInformatica.Domain.Entities.Product::get_ModifiedDate()
DA:18,4
FN:18,System.String EcommerceInformatica.Domain.Entities.Product::get_CreatedBy()
FNDA:35,System.String EcommerceInformatica.Domain.Entities.Product::get_CreatedBy()
DA:19,35
FN:19,System.String EcommerceInformatica.Domain.Entities.Product::get_ModifiedBy()
FNDA:2,System.String EcommerceInformatica.Domain.Entities.Product::get_ModifiedBy()
DA:20,2
FN:22,EcommerceInformatica.Domain.Entities.Provider EcommerceInformatica.Domain.Entities.Product::get_Provider()
FNDA:4,EcommerceInformatica.Domain.Entities.Provider EcommerceInformatica.Domain.Entities.Product::get_Provider()
DA:23,4
FN:23,EcommerceInformatica.Domain.Entities.Brand EcommerceInformatica.Domain.Entities.Product::get_Brand()
FNDA:4,EcommerceInformatica.Domain.Entities.Brand EcommerceInformatica.Domain.Entities.Product::get_Brand()
DA:24,4
FN:24,EcommerceInformatica.Domain.Entities.Category EcommerceInformatica.Domain.Entities.Product::get_Category()
FNDA:4,EcommerceInformatica.Domain.Entities.Category EcommerceInformatica.Domain.Entities.Product::get_Category()
DA:25,4
FN:25,System.Collections.Generic.ICollection`1<EcommerceInformatica.Domain.Entities.OrderDetail> EcommerceInformatica.Domain.Entities.Product::get_OrderDetails()
FNDA:36,System.Collections.Generic.ICollection`1<EcommerceInformatica.Domain.Entities.OrderDetail> EcommerceInformatica.Domain.Entities.Product::get_OrderDetails()
DA:26,36
LF:17
LH:17
BRF:0
BRH:0
FNF:17
FNH:17
end_of_record
SF:/modernize-data/studio-data/TNT1001/APP2757/transformed-code/897/studio-workspace/Ecommerce-Informatica/src/EcommerceInformatica.Domain/Entities/Provider.cs
FN:7,System.Int32 EcommerceInformatica.Domain.Entities.Provider::get_Id()
FNDA:6,System.Int32 EcommerceInformatica.Domain.Entities.Provider::get_Id()
DA:8,6
FN:8,System.String EcommerceInformatica.Domain.Entities.Provider::get_Name()
FNDA:17,System.String EcommerceInformatica.Domain.Entities.Provider::get_Name()
DA:9,17
FN:9,System.String EcommerceInformatica.Domain.Entities.Provider::get_Email()
FNDA:7,System.String EcommerceInformatica.Domain.Entities.Provider::get_Email()
DA:10,7
FN:10,System.String EcommerceInformatica.Domain.Entities.Provider::get_Phone()
FNDA:7,System.String EcommerceInformatica.Domain.Entities.Provider::get_Phone()
DA:11,7
FN:11,System.String EcommerceInformatica.Domain.Entities.Provider::get_Address()
FNDA:7,System.String EcommerceInformatica.Domain.Entities.Provider::get_Address()
DA:12,7
FN:12,System.Boolean EcommerceInformatica.Domain.Entities.Provider::get_IsActive()
FNDA:7,System.Boolean EcommerceInformatica.Domain.Entities.Provider::get_IsActive()
DA:13,7
FN:13,System.DateTime EcommerceInformatica.Domain.Entities.Provider::get_CreatedDate()
FNDA:3,System.DateTime EcommerceInformatica.Domain.Entities.Provider::get_CreatedDate()
DA:14,3
FN:14,System.Nullable`1<System.DateTime> EcommerceInformatica.Domain.Entities.Provider::get_ModifiedDate()
FNDA:2,System.Nullable`1<System.DateTime> EcommerceInformatica.Domain.Entities.Provider::get_ModifiedDate()
DA:15,2
FN:15,System.String EcommerceInformatica.Domain.Entities.Provider::get_CreatedBy()
FNDA:13,System.String EcommerceInformatica.Domain.Entities.Provider::get_CreatedBy()
DA:16,13
FN:16,System.String EcommerceInformatica.Domain.Entities.Provider::get_ModifiedBy()
FNDA:0,System.String EcommerceInformatica.Domain.Entities.Provider::get_ModifiedBy()
DA:17,0
FN:19,System.Collections.Generic.ICollection`1<EcommerceInformatica.Domain.Entities.Product> EcommerceInformatica.Domain.Entities.Provider::get_Products()
FNDA:17,System.Collections.Generic.ICollection`1<EcommerceInformatica.Domain.Entities.Product> EcommerceInformatica.Domain.Entities.Provider::get_Products()
DA:20,17
LF:11
LH:10
BRF:0
BRH:0
FNF:11
FNH:10
end_of_record
SF:/modernize-data/studio-data/TNT1001/APP2757/transformed-code/897/studio-workspace/Ecommerce-Informatica/src/EcommerceInformatica.Domain/Entities/Province.cs
FN:7,System.Int32 EcommerceInformatica.Domain.Entities.Province::get_Id()
FNDA:3,System.Int32 EcommerceInformatica.Domain.Entities.Province::get_Id()
DA:8,3
FN:8,System.String EcommerceInformatica.Domain.Entities.Province::get_Name()
FNDA:12,System.String EcommerceInformatica.Domain.Entities.Province::get_Name()
DA:9,12
FN:9,System.Boolean EcommerceInformatica.Domain.Entities.Province::get_IsActive()
FNDA:3,System.Boolean EcommerceInformatica.Domain.Entities.Province::get_IsActive()
DA:10,3
FN:10,System.DateTime EcommerceInformatica.Domain.Entities.Province::get_CreatedDate()
FNDA:1,System.DateTime EcommerceInformatica.Domain.Entities.Province::get_CreatedDate()
DA:11,1
FN:11,System.Nullable`1<System.DateTime> EcommerceInformatica.Domain.Entities.Province::get_ModifiedDate()
FNDA:2,System.Nullable`1<System.DateTime> EcommerceInformatica.Domain.Entities.Province::get_ModifiedDate()
DA:12,2
FN:12,System.String EcommerceInformatica.Domain.Entities.Province::get_CreatedBy()
FNDA:11,System.String EcommerceInformatica.Domain.Entities.Province::get_CreatedBy()
DA:13,11
FN:13,System.String EcommerceInformatica.Domain.Entities.Province::get_ModifiedBy()
FNDA:2,System.String EcommerceInformatica.Domain.Entities.Province::get_ModifiedBy()
DA:14,2
FN:16,System.Collections.Generic.ICollection`1<EcommerceInformatica.Domain.Entities.City> EcommerceInformatica.Domain.Entities.Province::get_Cities()
FNDA:15,System.Collections.Generic.ICollection`1<EcommerceInformatica.Domain.Entities.City> EcommerceInformatica.Domain.Entities.Province::get_Cities()
DA:17,15
FN:17,System.Collections.Generic.ICollection`1<EcommerceInformatica.Domain.Entities.Person> EcommerceInformatica.Domain.Entities.Province::get_Persons()
FNDA:12,System.Collections.Generic.ICollection`1<EcommerceInformatica.Domain.Entities.Person> EcommerceInformatica.Domain.Entities.Province::get_Persons()
DA:18,12
LF:9
LH:9
BRF:0
BRH:0
FNF:9
FNH:9
end_of_record
SF:/modernize-data/studio-data/TNT1001/APP2757/transformed-code/897/studio-workspace/Ecommerce-Informatica/src/EcommerceInformatica.Infrastructure/Repositories/BrandRepository.cs
FN:13,System.Void EcommerceInformatica.Infrastructure.Repositories.BrandRepository::.ctor(EcommerceInformatica.Infrastructure.Data.EcommerceDbContext,Microsoft.Extensions.Logging.ILogger`1<EcommerceInformatica.Infrastructure.Repositories.BrandRepository>)
FNDA:0,System.Void EcommerceInformatica.Infrastructure.Repositories.BrandRepository::.ctor(EcommerceInformatica.Infrastructure.Data.EcommerceDbContext,Microsoft.Extensions.Logging.ILogger`1<EcommerceInformatica.Infrastructure.Repositories.BrandRepository>)
DA:14,0
DA:15,0
DA:16,0
DA:17,0
DA:18,0
FN:46,System.Void EcommerceInformatica.Infrastructure.Repositories.BrandRepository/<AddAsync>d__5::MoveNext()
FNDA:0,System.Void EcommerceInformatica.Infrastructure.Repositories.BrandRepository/<AddAsync>d__5::MoveNext()
DA:47,0
DA:49,0
DA:50,0
DA:51,0
DA:52,0
DA:53,0
DA:55,0
DA:56,0
DA:57,0
DA:58,0
DA:60,0
FN:77,System.Void EcommerceInformatica.Infrastructure.Repositories.BrandRepository/<DeleteAsync>d__7::MoveNext()
FNDA:0,System.Void EcommerceInformatica.Infrastructure.Repositories.BrandRepository/<DeleteAsync>d__7::MoveNext()
DA:78,0
DA:80,0
DA:81,0
DA:82,0
DA:83,0
DA:84,0
DA:85,0
DA:86,0
DA:87,0
DA:88,0
DA:89,0
DA:90,0
DA:91,0
DA:92,0
DA:93,0
DA:95,0
BRDA:82,213,0,0
BRDA:82,213,1,0
FN:97,System.Void EcommerceInformatica.Infrastructure.Repositories.BrandRepository/<ExistsAsync>d__8::MoveNext()
FNDA:0,System.Void EcommerceInformatica.Infrastructure.Repositories.BrandRepository/<ExistsAsync>d__8::MoveNext()
DA:98,0
DA:100,0
DA:101,0
DA:103,0
DA:104,0
DA:105,0
DA:106,0
DA:108,0
FN:20,System.Void EcommerceInformatica.Infrastructure.Repositories.BrandRepository/<GetAllAsync>d__3::MoveNext()
FNDA:0,System.Void EcommerceInformatica.Infrastructure.Repositories.BrandRepository/<GetAllAsync>d__3::MoveNext()
DA:21,0
DA:23,0
DA:24,0
DA:26,0
DA:27,0
DA:28,0
DA:29,0
DA:31,0
FN:33,System.Void EcommerceInformatica.Infrastructure.Repositories.BrandRepository/<GetByIdAsync>d__4::MoveNext()
FNDA:0,System.Void EcommerceInformatica.Infrastructure.Repositories.BrandRepository/<GetByIdAsync>d__4::MoveNext()
DA:34,0
DA:36,0
DA:37,0
DA:39,0
DA:40,0
DA:41,0
DA:42,0
DA:44,0
FN:110,System.Void EcommerceInformatica.Infrastructure.Repositories.BrandRepository/<SearchAsync>d__9::MoveNext()
FNDA:0,System.Void EcommerceInformatica.Infrastructure.Repositories.BrandRepository/<SearchAsync>d__9::MoveNext()
DA:111,0
DA:113,0
DA:114,0
DA:116,0
DA:117,0
DA:118,0
DA:119,0
DA:121,0
FN:62,System.Void EcommerceInformatica.Infrastructure.Repositories.BrandRepository/<UpdateAsync>d__6::MoveNext()
FNDA:0,System.Void EcommerceInformatica.Infrastructure.Repositories.BrandRepository/<UpdateAsync>d__6::MoveNext()
DA:63,0
DA:65,0
DA:66,0
DA:67,0
DA:68,0
DA:69,0
DA:70,0
DA:71,0
DA:72,0
DA:73,0
DA:75,0
LF:75
LH:0
BRF:2
BRH:0
FNF:8
FNH:0
end_of_record
SF:/modernize-data/studio-data/TNT1001/APP2757/transformed-code/897/studio-workspace/Ecommerce-Informatica/src/EcommerceInformatica.Infrastructure/Repositories/CategoryRepository.cs
FN:16,System.Void EcommerceInformatica.Infrastructure.Repositories.CategoryRepository::.ctor(EcommerceInformatica.Infrastructure.Data.EcommerceDbContext,Microsoft.Extensions.Logging.ILogger`1<EcommerceInformatica.Infrastructure.Repositories.CategoryRepository>)
FNDA:9,System.Void EcommerceInformatica.Infrastructure.Repositories.CategoryRepository::.ctor(EcommerceInformatica.Infrastructure.Data.EcommerceDbContext,Microsoft.Extensions.Logging.ILogger`1<EcommerceInformatica.Infrastructure.Repositories.CategoryRepository>)
DA:17,9
DA:18,9
DA:19,9
DA:20,9
DA:21,9
FN:53,System.Void EcommerceInformatica.Infrastructure.Repositories.CategoryRepository/<AddAsync>d__5::MoveNext()
FNDA:1,System.Void EcommerceInformatica.Infrastructure.Repositories.CategoryRepository/<AddAsync>d__5::MoveNext()
DA:54,1
DA:56,1
DA:57,1
DA:58,1
DA:59,1
DA:60,1
DA:62,0
DA:63,0
DA:64,0
DA:65,0
DA:67,1
FN:84,System.Void EcommerceInformatica.Infrastructure.Repositories.CategoryRepository/<DeleteAsync>d__7::MoveNext()
FNDA:1,System.Void EcommerceInformatica.Infrastructure.Repositories.CategoryRepository/<DeleteAsync>d__7::MoveNext()
DA:85,1
DA:87,1
DA:88,1
DA:89,1
DA:90,1
DA:91,1
DA:92,1
DA:93,1
DA:94,1
DA:95,1
DA:96,1
DA:97,0
DA:98,0
DA:99,0
DA:100,0
DA:102,1
BRDA:89,213,0,1
BRDA:89,213,1,1
FN:104,System.Void EcommerceInformatica.Infrastructure.Repositories.CategoryRepository/<ExistsAsync>d__8::MoveNext()
FNDA:2,System.Void EcommerceInformatica.Infrastructure.Repositories.CategoryRepository/<ExistsAsync>d__8::MoveNext()
DA:105,2
DA:107,2
DA:108,2
DA:110,0
DA:111,0
DA:112,0
DA:113,0
DA:115,2
FN:23,System.Void EcommerceInformatica.Infrastructure.Repositories.CategoryRepository/<GetAllAsync>d__3::MoveNext()
FNDA:1,System.Void EcommerceInformatica.Infrastructure.Repositories.CategoryRepository/<GetAllAsync>d__3::MoveNext()
DA:24,1
DA:26,1
DA:27,1
DA:28,1
DA:29,1
DA:30,1
DA:32,0
DA:33,0
DA:34,0
DA:35,0
DA:37,1
FN:39,System.Void EcommerceInformatica.Infrastructure.Repositories.CategoryRepository/<GetByIdAsync>d__4::MoveNext()
FNDA:2,System.Void EcommerceInformatica.Infrastructure.Repositories.CategoryRepository/<GetByIdAsync>d__4::MoveNext()
DA:40,2
DA:42,2
DA:43,2
DA:44,2
DA:46,0
DA:47,0
DA:48,0
DA:49,0
DA:51,2
FN:117,System.Void EcommerceInformatica.Infrastructure.Repositories.CategoryRepository/<SearchAsync>d__9::MoveNext()
FNDA:1,System.Void EcommerceInformatica.Infrastructure.Repositories.CategoryRepository/<SearchAsync>d__9::MoveNext()
DA:118,1
DA:120,1
DA:121,1
DA:122,1
DA:123,1
DA:124,1
DA:126,0
DA:127,0
DA:128,0
DA:129,0
DA:131,1
FN:69,System.Void EcommerceInformatica.Infrastructure.Repositories.CategoryRepository/<UpdateAsync>d__6::MoveNext()
FNDA:1,System.Void EcommerceInformatica.Infrastructure.Repositories.CategoryRepository/<UpdateAsync>d__6::MoveNext()
DA:70,1
DA:72,1
DA:73,1
DA:74,1
DA:75,1
DA:76,1
DA:77,0
DA:78,0
DA:79,0
DA:80,0
DA:82,1
LF:82
LH:54
BRF:2
BRH:2
FNF:8
FNH:8
end_of_record
SF:/modernize-data/studio-data/TNT1001/APP2757/transformed-code/897/studio-workspace/Ecommerce-Informatica/src/EcommerceInformatica.Infrastructure/Repositories/OrderRepository.cs
FN:13,System.Void EcommerceInformatica.Infrastructure.Repositories.OrderRepository::.ctor(EcommerceInformatica.Infrastructure.Data.EcommerceDbContext,Microsoft.Extensions.Logging.ILogger`1<EcommerceInformatica.Infrastructure.Repositories.OrderRepository>)
FNDA:0,System.Void EcommerceInformatica.Infrastructure.Repositories.OrderRepository::.ctor(EcommerceInformatica.Infrastructure.Data.EcommerceDbContext,Microsoft.Extensions.Logging.ILogger`1<EcommerceInformatica.Infrastructure.Repositories.OrderRepository>)
DA:14,0
DA:15,0
DA:16,0
DA:17,0
DA:18,0
FN:57,System.Void EcommerceInformatica.Infrastructure.Repositories.OrderRepository/<AddAsync>d__5::MoveNext()
FNDA:0,System.Void EcommerceInformatica.Infrastructure.Repositories.OrderRepository/<AddAsync>d__5::MoveNext()
DA:58,0
DA:60,0
DA:61,0
DA:62,0
DA:63,0
DA:64,0
DA:66,0
DA:67,0
DA:68,0
DA:69,0
DA:71,0
FN:88,System.Void EcommerceInformatica.Infrastructure.Repositories.OrderRepository/<DeleteAsync>d__7::MoveNext()
FNDA:0,System.Void EcommerceInformatica.Infrastructure.Repositories.OrderRepository/<DeleteAsync>d__7::MoveNext()
DA:89,0
DA:91,0
DA:92,0
DA:93,0
DA:94,0
DA:95,0
DA:96,0
DA:97,0
DA:98,0
DA:99,0
DA:100,0
DA:101,0
DA:102,0
DA:103,0
DA:104,0
DA:106,0
BRDA:93,213,0,0
BRDA:93,213,1,0
FN:108,System.Void EcommerceInformatica.Infrastructure.Repositories.OrderRepository/<ExistsAsync>d__8::MoveNext()
FNDA:0,System.Void EcommerceInformatica.Infrastructure.Repositories.OrderRepository/<ExistsAsync>d__8::MoveNext()
DA:109,0
DA:111,0
DA:112,0
DA:114,0
DA:115,0
DA:116,0
DA:117,0
DA:119,0
FN:20,System.Void EcommerceInformatica.Infrastructure.Repositories.OrderRepository/<GetAllAsync>d__3::MoveNext()
FNDA:0,System.Void EcommerceInformatica.Infrastructure.Repositories.OrderRepository/<GetAllAsync>d__3::MoveNext()
DA:21,0
DA:23,0
DA:24,0
DA:25,0
DA:26,0
DA:27,0
DA:28,0
DA:29,0
DA:30,0
DA:32,0
DA:33,0
DA:34,0
DA:35,0
DA:37,0
FN:140,System.Void EcommerceInformatica.Infrastructure.Repositories.OrderRepository/<GetByDateRangeAsync>d__10::MoveNext()
FNDA:0,System.Void EcommerceInformatica.Infrastructure.Repositories.OrderRepository/<GetByDateRangeAsync>d__10::MoveNext()
DA:141,0
DA:143,0
DA:144,0
DA:145,0
DA:146,0
DA:147,0
DA:148,0
DA:149,0
DA:150,0
DA:152,0
DA:153,0
DA:154,0
DA:155,0
DA:157,0
FN:39,System.Void EcommerceInformatica.Infrastructure.Repositories.OrderRepository/<GetByIdAsync>d__4::MoveNext()
FNDA:0,System.Void EcommerceInformatica.Infrastructure.Repositories.OrderRepository/<GetByIdAsync>d__4::MoveNext()
DA:40,0
DA:42,0
DA:43,0
DA:44,0
DA:45,0
DA:46,0
DA:47,0
DA:48,0
DA:50,0
DA:51,0
DA:52,0
DA:53,0
DA:55,0
FN:121,System.Void EcommerceInformatica.Infrastructure.Repositories.OrderRepository/<GetByPersonAsync>d__9::MoveNext()
FNDA:0,System.Void EcommerceInformatica.Infrastructure.Repositories.OrderRepository/<GetByPersonAsync>d__9::MoveNext()
DA:122,0
DA:124,0
DA:125,0
DA:126,0
DA:127,0
DA:128,0
DA:129,0
DA:130,0
DA:131,0
DA:133,0
DA:134,0
DA:135,0
DA:136,0
DA:138,0
FN:73,System.Void EcommerceInformatica.Infrastructure.Repositories.OrderRepository/<UpdateAsync>d__6::MoveNext()
FNDA:0,System.Void EcommerceInformatica.Infrastructure.Repositories.OrderRepository/<UpdateAsync>d__6::MoveNext()
DA:74,0
DA:76,0
DA:77,0
DA:78,0
DA:79,0
DA:80,0
DA:81,0
DA:82,0
DA:83,0
DA:84,0
DA:86,0
LF:106
LH:0
BRF:2
BRH:0
FNF:9
FNH:0
end_of_record
SF:/modernize-data/studio-data/TNT1001/APP2757/transformed-code/897/studio-workspace/Ecommerce-Informatica/src/EcommerceInformatica.Infrastructure/Repositories/PersonRepository.cs
FN:13,System.Void EcommerceInformatica.Infrastructure.Repositories.PersonRepository::.ctor(EcommerceInformatica.Infrastructure.Data.EcommerceDbContext,Microsoft.Extensions.Logging.ILogger`1<EcommerceInformatica.Infrastructure.Repositories.PersonRepository>)
FNDA:0,System.Void EcommerceInformatica.Infrastructure.Repositories.PersonRepository::.ctor(EcommerceInformatica.Infrastructure.Data.EcommerceDbContext,Microsoft.Extensions.Logging.ILogger`1<EcommerceInformatica.Infrastructure.Repositories.PersonRepository>)
DA:14,0
DA:15,0
DA:16,0
DA:17,0
DA:18,0
FN:54,System.Void EcommerceInformatica.Infrastructure.Repositories.PersonRepository/<AddAsync>d__5::MoveNext()
FNDA:0,System.Void EcommerceInformatica.Infrastructure.Repositories.PersonRepository/<AddAsync>d__5::MoveNext()
DA:55,0
DA:57,0
DA:58,0
DA:59,0
DA:60,0
DA:61,0
DA:63,0
DA:64,0
DA:65,0
DA:66,0
DA:68,0
FN:85,System.Void EcommerceInformatica.Infrastructure.Repositories.PersonRepository/<DeleteAsync>d__7::MoveNext()
FNDA:0,System.Void EcommerceInformatica.Infrastructure.Repositories.PersonRepository/<DeleteAsync>d__7::MoveNext()
DA:86,0
DA:88,0
DA:89,0
DA:90,0
DA:91,0
DA:92,0
DA:93,0
DA:94,0
DA:95,0
DA:96,0
DA:97,0
DA:98,0
DA:99,0
DA:100,0
DA:101,0
DA:103,0
BRDA:90,213,0,0
BRDA:90,213,1,0
FN:105,System.Void EcommerceInformatica.Infrastructure.Repositories.PersonRepository/<ExistsAsync>d__8::MoveNext()
FNDA:0,System.Void EcommerceInformatica.Infrastructure.Repositories.PersonRepository/<ExistsAsync>d__8::MoveNext()
DA:106,0
DA:108,0
DA:109,0
DA:111,0
DA:112,0
DA:113,0
DA:114,0
DA:116,0
FN:20,System.Void EcommerceInformatica.Infrastructure.Repositories.PersonRepository/<GetAllAsync>d__3::MoveNext()
FNDA:0,System.Void EcommerceInformatica.Infrastructure.Repositories.PersonRepository/<GetAllAsync>d__3::MoveNext()
DA:21,0
DA:23,0
DA:24,0
DA:25,0
DA:26,0
DA:27,0
DA:28,0
DA:29,0
DA:31,0
DA:32,0
DA:33,0
DA:34,0
DA:36,0
FN:38,System.Void EcommerceInformatica.Infrastructure.Repositories.PersonRepository/<GetByIdAsync>d__4::MoveNext()
FNDA:0,System.Void EcommerceInformatica.Infrastructure.Repositories.PersonRepository/<GetByIdAsync>d__4::MoveNext()
DA:39,0
DA:41,0
DA:42,0
DA:43,0
DA:44,0
DA:45,0
DA:47,0
DA:48,0
DA:49,0
DA:50,0
DA:52,0
FN:136,System.Void EcommerceInformatica.Infrastructure.Repositories.PersonRepository/<GetByUsernameAsync>d__10::MoveNext()
FNDA:0,System.Void EcommerceInformatica.Infrastructure.Repositories.PersonRepository/<GetByUsernameAsync>d__10::MoveNext()
DA:137,0
DA:139,0
DA:140,0
DA:141,0
DA:142,0
DA:143,0
DA:145,0
DA:146,0
DA:147,0
DA:148,0
DA:150,0
FN:118,System.Void EcommerceInformatica.Infrastructure.Repositories.PersonRepository/<SearchAsync>d__9::MoveNext()
FNDA:0,System.Void EcommerceInformatica.Infrastructure.Repositories.PersonRepository/<SearchAsync>d__9::MoveNext()
DA:119,0
DA:121,0
DA:122,0
DA:123,0
DA:124,0
DA:125,0
DA:126,0
DA:127,0
DA:129,0
DA:130,0
DA:131,0
DA:132,0
DA:134,0
FN:70,System.Void EcommerceInformatica.Infrastructure.Repositories.PersonRepository/<UpdateAsync>d__6::MoveNext()
FNDA:0,System.Void EcommerceInformatica.Infrastructure.Repositories.PersonRepository/<UpdateAsync>d__6::MoveNext()
DA:71,0
DA:73,0
DA:74,0
DA:75,0
DA:76,0
DA:77,0
DA:78,0
DA:79,0
DA:80,0
DA:81,0
DA:83,0
FN:152,System.Void EcommerceInformatica.Infrastructure.Repositories.PersonRepository/<ValidateCredentialsAsync>d__11::MoveNext()
FNDA:0,System.Void EcommerceInformatica.Infrastructure.Repositories.PersonRepository/<ValidateCredentialsAsync>d__11::MoveNext()
DA:153,0
DA:155,0
DA:156,0
DA:157,0
DA:158,0
DA:160,0
DA:162,0
DA:163,0
DA:164,0
DA:165,0
DA:167,0
BRDA:157,174,0,0
BRDA:157,174,1,0
LF:110
LH:0
BRF:4
BRH:0
FNF:10
FNH:0
end_of_record
SF:/modernize-data/studio-data/TNT1001/APP2757/transformed-code/897/studio-workspace/Ecommerce-Informatica/src/EcommerceInformatica.Infrastructure/Repositories/ProductRepository.cs
FN:16,System.Void EcommerceInformatica.Infrastructure.Repositories.ProductRepository::.ctor(EcommerceInformatica.Infrastructure.Data.EcommerceDbContext,Microsoft.Extensions.Logging.ILogger`1<EcommerceInformatica.Infrastructure.Repositories.ProductRepository>)
FNDA:11,System.Void EcommerceInformatica.Infrastructure.Repositories.ProductRepository::.ctor(EcommerceInformatica.Infrastructure.Data.EcommerceDbContext,Microsoft.Extensions.Logging.ILogger`1<EcommerceInformatica.Infrastructure.Repositories.ProductRepository>)
DA:17,11
DA:18,11
DA:19,11
DA:20,11
DA:21,11
FN:59,System.Void EcommerceInformatica.Infrastructure.Repositories.ProductRepository/<AddAsync>d__5::MoveNext()
FNDA:1,System.Void EcommerceInformatica.Infrastructure.Repositories.ProductRepository/<AddAsync>d__5::MoveNext()
DA:60,1
DA:62,1
DA:63,1
DA:64,1
DA:65,1
DA:66,1
DA:68,0
DA:69,0
DA:70,0
DA:71,0
DA:73,1
FN:90,System.Void EcommerceInformatica.Infrastructure.Repositories.ProductRepository/<DeleteAsync>d__7::MoveNext()
FNDA:1,System.Void EcommerceInformatica.Infrastructure.Repositories.ProductRepository/<DeleteAsync>d__7::MoveNext()
DA:91,1
DA:93,1
DA:94,1
DA:95,1
DA:96,1
DA:97,1
DA:98,1
DA:99,1
DA:100,1
DA:101,1
DA:102,1
DA:103,0
DA:104,0
DA:105,0
DA:106,0
DA:108,1
BRDA:95,213,0,1
BRDA:95,213,1,1
FN:110,System.Void EcommerceInformatica.Infrastructure.Repositories.ProductRepository/<ExistsAsync>d__8::MoveNext()
FNDA:2,System.Void EcommerceInformatica.Infrastructure.Repositories.ProductRepository/<ExistsAsync>d__8::MoveNext()
DA:111,2
DA:113,2
DA:114,2
DA:116,0
DA:117,0
DA:118,0
DA:119,0
DA:121,2
FN:23,System.Void EcommerceInformatica.Infrastructure.Repositories.ProductRepository/<GetAllAsync>d__3::MoveNext()
FNDA:1,System.Void EcommerceInformatica.Infrastructure.Repositories.ProductRepository/<GetAllAsync>d__3::MoveNext()
DA:24,1
DA:26,1
DA:27,1
DA:28,1
DA:29,1
DA:30,1
DA:31,1
DA:32,1
DA:33,1
DA:35,0
DA:36,0
DA:37,0
DA:38,0
DA:40,1
FN:161,System.Void EcommerceInformatica.Infrastructure.Repositories.ProductRepository/<GetByBrandAsync>d__11::MoveNext()
FNDA:1,System.Void EcommerceInformatica.Infrastructure.Repositories.ProductRepository/<GetByBrandAsync>d__11::MoveNext()
DA:162,1
DA:164,1
DA:165,1
DA:166,1
DA:167,1
DA:168,1
DA:169,1
DA:170,1
DA:171,1
DA:173,0
DA:174,0
DA:175,0
DA:176,0
DA:178,1
FN:142,System.Void EcommerceInformatica.Infrastructure.Repositories.ProductRepository/<GetByCategoryAsync>d__10::MoveNext()
FNDA:1,System.Void EcommerceInformatica.Infrastructure.Repositories.ProductRepository/<GetByCategoryAsync>d__10::MoveNext()
DA:143,1
DA:145,1
DA:146,1
DA:147,1
DA:148,1
DA:149,1
DA:150,1
DA:151,1
DA:152,1
DA:154,0
DA:155,0
DA:156,0
DA:157,0
DA:159,1
FN:42,System.Void EcommerceInformatica.Infrastructure.Repositories.ProductRepository/<GetByIdAsync>d__4::MoveNext()
FNDA:2,System.Void EcommerceInformatica.Infrastructure.Repositories.ProductRepository/<GetByIdAsync>d__4::MoveNext()
DA:43,2
DA:45,2
DA:46,2
DA:47,2
DA:48,2
DA:49,2
DA:50,2
DA:52,0
DA:53,0
DA:54,0
DA:55,0
DA:57,2
FN:123,System.Void EcommerceInformatica.Infrastructure.Repositories.ProductRepository/<SearchAsync>d__9::MoveNext()
FNDA:1,System.Void EcommerceInformatica.Infrastructure.Repositories.ProductRepository/<SearchAsync>d__9::MoveNext()
DA:124,1
DA:126,1
DA:127,1
DA:128,1
DA:129,1
DA:130,1
DA:131,1
DA:132,1
DA:133,1
DA:135,0
DA:136,0
DA:137,0
DA:138,0
DA:140,1
FN:75,System.Void EcommerceInformatica.Infrastructure.Repositories.ProductRepository/<UpdateAsync>d__6::MoveNext()
FNDA:1,System.Void EcommerceInformatica.Infrastructure.Repositories.ProductRepository/<UpdateAsync>d__6::MoveNext()
DA:76,1
DA:78,1
DA:79,1
DA:80,1
DA:81,1
DA:82,1
DA:83,0
DA:84,0
DA:85,0
DA:86,0
DA:88,1
LF:119
LH:83
BRF:2
BRH:2
FNF:10
FNH:10
end_of_record
SF:/modernize-data/studio-data/TNT1001/APP2757/transformed-code/897/studio-workspace/Ecommerce-Informatica/src/EcommerceInformatica.Infrastructure/Repositories/ProviderRepository.cs
FN:13,System.Void EcommerceInformatica.Infrastructure.Repositories.ProviderRepository::.ctor(EcommerceInformatica.Infrastructure.Data.EcommerceDbContext,Microsoft.Extensions.Logging.ILogger`1<EcommerceInformatica.Infrastructure.Repositories.ProviderRepository>)
FNDA:0,System.Void EcommerceInformatica.Infrastructure.Repositories.ProviderRepository::.ctor(EcommerceInformatica.Infrastructure.Data.EcommerceDbContext,Microsoft.Extensions.Logging.ILogger`1<EcommerceInformatica.Infrastructure.Repositories.ProviderRepository>)
DA:14,0
DA:15,0
DA:16,0
DA:17,0
DA:18,0
FN:46,System.Void EcommerceInformatica.Infrastructure.Repositories.ProviderRepository/<AddAsync>d__5::MoveNext()
FNDA:0,System.Void EcommerceInformatica.Infrastructure.Repositories.ProviderRepository/<AddAsync>d__5::MoveNext()
DA:47,0
DA:49,0
DA:50,0
DA:51,0
DA:52,0
DA:53,0
DA:55,0
DA:56,0
DA:57,0
DA:58,0
DA:60,0
FN:77,System.Void EcommerceInformatica.Infrastructure.Repositories.ProviderRepository/<DeleteAsync>d__7::MoveNext()
FNDA:0,System.Void EcommerceInformatica.Infrastructure.Repositories.ProviderRepository/<DeleteAsync>d__7::MoveNext()
DA:78,0
DA:80,0
DA:81,0
DA:82,0
DA:83,0
DA:84,0
DA:85,0
DA:86,0
DA:87,0
DA:88,0
DA:89,0
DA:90,0
DA:91,0
DA:92,0
DA:93,0
DA:95,0
BRDA:82,213,0,0
BRDA:82,213,1,0
FN:97,System.Void EcommerceInformatica.Infrastructure.Repositories.ProviderRepository/<ExistsAsync>d__8::MoveNext()
FNDA:0,System.Void EcommerceInformatica.Infrastructure.Repositories.ProviderRepository/<ExistsAsync>d__8::MoveNext()
DA:98,0
DA:100,0
DA:101,0
DA:103,0
DA:104,0
DA:105,0
DA:106,0
DA:108,0
FN:20,System.Void EcommerceInformatica.Infrastructure.Repositories.ProviderRepository/<GetAllAsync>d__3::MoveNext()
FNDA:0,System.Void EcommerceInformatica.Infrastructure.Repositories.ProviderRepository/<GetAllAsync>d__3::MoveNext()
DA:21,0
DA:23,0
DA:24,0
DA:26,0
DA:27,0
DA:28,0
DA:29,0
DA:31,0
FN:33,System.Void EcommerceInformatica.Infrastructure.Repositories.ProviderRepository/<GetByIdAsync>d__4::MoveNext()
FNDA:0,System.Void EcommerceInformatica.Infrastructure.Repositories.ProviderRepository/<GetByIdAsync>d__4::MoveNext()
DA:34,0
DA:36,0
DA:37,0
DA:39,0
DA:40,0
DA:41,0
DA:42,0
DA:44,0
FN:110,System.Void EcommerceInformatica.Infrastructure.Repositories.ProviderRepository/<SearchAsync>d__9::MoveNext()
FNDA:0,System.Void EcommerceInformatica.Infrastructure.Repositories.ProviderRepository/<SearchAsync>d__9::MoveNext()
DA:111,0
DA:113,0
DA:114,0
DA:116,0
DA:117,0
DA:118,0
DA:119,0
DA:121,0
FN:62,System.Void EcommerceInformatica.Infrastructure.Repositories.ProviderRepository/<UpdateAsync>d__6::MoveNext()
FNDA:0,System.Void EcommerceInformatica.Infrastructure.Repositories.ProviderRepository/<UpdateAsync>d__6::MoveNext()
DA:63,0
DA:65,0
DA:66,0
DA:67,0
DA:68,0
DA:69,0
DA:70,0
DA:71,0
DA:72,0
DA:73,0
DA:75,0
LF:75
LH:0
BRF:2
BRH:0
FNF:8
FNH:0
end_of_record
SF:/modernize-data/studio-data/TNT1001/APP2757/transformed-code/897/studio-workspace/Ecommerce-Informatica/src/EcommerceInformatica.Infrastructure/Extensions/ServiceCollectionExtensions.cs
FN:15,Microsoft.Extensions.DependencyInjection.IServiceCollection EcommerceInformatica.Infrastructure.Extensions.ServiceCollectionExtensions::AddInfrastructureServices(Microsoft.Extensions.DependencyInjection.IServiceCollection,Microsoft.Extensions.Configuration.IConfiguration)
FNDA:0,Microsoft.Extensions.DependencyInjection.IServiceCollection EcommerceInformatica.Infrastructure.Extensions.ServiceCollectionExtensions::AddInfrastructureServices(Microsoft.Extensions.DependencyInjection.IServiceCollection,Microsoft.Extensions.Configuration.IConfiguration)
DA:16,0
DA:18,0
DA:19,0
DA:22,0
DA:23,0
DA:24,0
DA:25,0
DA:26,0
DA:27,0
DA:29,0
DA:30,0
LF:11
LH:0
BRF:0
BRH:0
FNF:1
FNH:0
end_of_record
SF:/modernize-data/studio-data/TNT1001/APP2757/transformed-code/897/studio-workspace/Ecommerce-Informatica/src/EcommerceInformatica.Infrastructure/Data/EcommerceDbContext.cs
FN:14,Microsoft.EntityFrameworkCore.DbSet`1<EcommerceInformatica.Domain.Entities.Product> EcommerceInformatica.Infrastructure.Data.EcommerceDbContext::get_Products()
FNDA:76,Microsoft.EntityFrameworkCore.DbSet`1<EcommerceInformatica.Domain.Entities.Product> EcommerceInformatica.Infrastructure.Data.EcommerceDbContext::get_Products()
DA:15,76
FN:15,Microsoft.EntityFrameworkCore.DbSet`1<EcommerceInformatica.Domain.Entities.Category> EcommerceInformatica.Infrastructure.Data.EcommerceDbContext::get_Categories()
FNDA:67,Microsoft.EntityFrameworkCore.DbSet`1<EcommerceInformatica.Domain.Entities.Category> EcommerceInformatica.Infrastructure.Data.EcommerceDbContext::get_Categories()
DA:16,67
FN:16,Microsoft.EntityFrameworkCore.DbSet`1<EcommerceInformatica.Domain.Entities.Brand> EcommerceInformatica.Infrastructure.Data.EcommerceDbContext::get_Brands()
FNDA:45,Microsoft.EntityFrameworkCore.DbSet`1<EcommerceInformatica.Domain.Entities.Brand> EcommerceInformatica.Infrastructure.Data.EcommerceDbContext::get_Brands()
DA:17,45
FN:17,Microsoft.EntityFrameworkCore.DbSet`1<EcommerceInformatica.Domain.Entities.Provider> EcommerceInformatica.Infrastructure.Data.EcommerceDbContext::get_Providers()
FNDA:45,Microsoft.EntityFrameworkCore.DbSet`1<EcommerceInformatica.Domain.Entities.Provider> EcommerceInformatica.Infrastructure.Data.EcommerceDbContext::get_Providers()
DA:18,45
FN:18,Microsoft.EntityFrameworkCore.DbSet`1<EcommerceInformatica.Domain.Entities.Person> EcommerceInformatica.Infrastructure.Data.EcommerceDbContext::get_Persons()
FNDA:45,Microsoft.EntityFrameworkCore.DbSet`1<EcommerceInformatica.Domain.Entities.Person> EcommerceInformatica.Infrastructure.Data.EcommerceDbContext::get_Persons()
DA:19,45
FN:19,Microsoft.EntityFrameworkCore.DbSet`1<EcommerceInformatica.Domain.Entities.City> EcommerceInformatica.Infrastructure.Data.EcommerceDbContext::get_Cities()
FNDA:42,Microsoft.EntityFrameworkCore.DbSet`1<EcommerceInformatica.Domain.Entities.City> EcommerceInformatica.Infrastructure.Data.EcommerceDbContext::get_Cities()
DA:20,42
FN:20,Microsoft.EntityFrameworkCore.DbSet`1<EcommerceInformatica.Domain.Entities.Province> EcommerceInformatica.Infrastructure.Data.EcommerceDbContext::get_Provinces()
FNDA:42,Microsoft.EntityFrameworkCore.DbSet`1<EcommerceInformatica.Domain.Entities.Province> EcommerceInformatica.Infrastructure.Data.EcommerceDbContext::get_Provinces()
DA:21,42
FN:21,Microsoft.EntityFrameworkCore.DbSet`1<EcommerceInformatica.Domain.Entities.Order> EcommerceInformatica.Infrastructure.Data.EcommerceDbContext::get_Orders()
FNDA:45,Microsoft.EntityFrameworkCore.DbSet`1<EcommerceInformatica.Domain.Entities.Order> EcommerceInformatica.Infrastructure.Data.EcommerceDbContext::get_Orders()
DA:22,45
FN:22,Microsoft.EntityFrameworkCore.DbSet`1<EcommerceInformatica.Domain.Entities.OrderDetail> EcommerceInformatica.Infrastructure.Data.EcommerceDbContext::get_OrderDetails()
FNDA:42,Microsoft.EntityFrameworkCore.DbSet`1<EcommerceInformatica.Domain.Entities.OrderDetail> EcommerceInformatica.Infrastructure.Data.EcommerceDbContext::get_OrderDetails()
DA:23,42
FN:23,Microsoft.EntityFrameworkCore.DbSet`1<EcommerceInformatica.Domain.Entities.PaymentMethod> EcommerceInformatica.Infrastructure.Data.EcommerceDbContext::get_PaymentMethods()
FNDA:42,Microsoft.EntityFrameworkCore.DbSet`1<EcommerceInformatica.Domain.Entities.PaymentMethod> EcommerceInformatica.Infrastructure.Data.EcommerceDbContext::get_PaymentMethods()
DA:24,42
FN:26,System.Void EcommerceInformatica.Infrastructure.Data.EcommerceDbContext::OnModelCreating(Microsoft.EntityFrameworkCore.ModelBuilder)
FNDA:1,System.Void EcommerceInformatica.Infrastructure.Data.EcommerceDbContext::OnModelCreating(Microsoft.EntityFrameworkCore.ModelBuilder)
DA:27,1
DA:28,1
DA:31,1
DA:32,1
FN:10,System.Void EcommerceInformatica.Infrastructure.Data.EcommerceDbContext::.ctor(Microsoft.EntityFrameworkCore.DbContextOptions`1<EcommerceInformatica.Infrastructure.Data.EcommerceDbContext>)
FNDA:41,System.Void EcommerceInformatica.Infrastructure.Data.EcommerceDbContext::.ctor(Microsoft.EntityFrameworkCore.DbContextOptions`1<EcommerceInformatica.Infrastructure.Data.EcommerceDbContext>)
DA:11,41
DA:12,41
DA:13,41
LF:17
LH:17
BRF:0
BRH:0
FNF:12
FNH:12
end_of_record
SF:/modernize-data/studio-data/TNT1001/APP2757/transformed-code/897/studio-workspace/Ecommerce-Informatica/src/EcommerceInformatica.Infrastructure/Data/Configurations/BrandConfiguration.cs
FN:12,System.Void EcommerceInformatica.Infrastructure.Data.Configurations.BrandConfiguration::Configure(Microsoft.EntityFrameworkCore.Metadata.Builders.EntityTypeBuilder`1<EcommerceInformatica.Domain.Entities.Brand>)
FNDA:1,System.Void EcommerceInformatica.Infrastructure.Data.Configurations.BrandConfiguration::Configure(Microsoft.EntityFrameworkCore.Metadata.Builders.EntityTypeBuilder`1<EcommerceInformatica.Domain.Entities.Brand>)
DA:13,1
DA:14,1
DA:16,1
DA:17,1
DA:19,1
DA:20,1
DA:21,1
DA:22,1
DA:24,1
DA:25,1
DA:26,1
DA:28,1
DA:29,1
DA:30,1
DA:31,1
DA:32,1
DA:33,1
LF:17
LH:17
BRF:0
BRH:0
FNF:1
FNH:1
end_of_record
SF:/modernize-data/studio-data/TNT1001/APP2757/transformed-code/897/studio-workspace/Ecommerce-Informatica/src/EcommerceInformatica.Infrastructure/Data/Configurations/CategoryConfiguration.cs
FN:12,System.Void EcommerceInformatica.Infrastructure.Data.Configurations.CategoryConfiguration::Configure(Microsoft.EntityFrameworkCore.Metadata.Builders.EntityTypeBuilder`1<EcommerceInformatica.Domain.Entities.Category>)
FNDA:1,System.Void EcommerceInformatica.Infrastructure.Data.Configurations.CategoryConfiguration::Configure(Microsoft.EntityFrameworkCore.Metadata.Builders.EntityTypeBuilder`1<EcommerceInformatica.Domain.Entities.Category>)
DA:13,1
DA:14,1
DA:16,1
DA:17,1
DA:19,1
DA:20,1
DA:21,1
DA:22,1
DA:24,1
DA:25,1
DA:26,1
DA:28,1
DA:29,1
DA:30,1
DA:31,1
DA:32,1
DA:33,1
LF:17
LH:17
BRF:0
BRH:0
FNF:1
FNH:1
end_of_record
SF:/modernize-data/studio-data/TNT1001/APP2757/transformed-code/897/studio-workspace/Ecommerce-Informatica/src/EcommerceInformatica.Infrastructure/Data/Configurations/PersonConfiguration.cs
FN:12,System.Void EcommerceInformatica.Infrastructure.Data.Configurations.PersonConfiguration::Configure(Microsoft.EntityFrameworkCore.Metadata.Builders.EntityTypeBuilder`1<EcommerceInformatica.Domain.Entities.Person>)
FNDA:1,System.Void EcommerceInformatica.Infrastructure.Data.Configurations.PersonConfiguration::Configure(Microsoft.EntityFrameworkCore.Metadata.Builders.EntityTypeBuilder`1<EcommerceInformatica.Domain.Entities.Person>)
DA:13,1
DA:14,1
DA:16,1
DA:17,1
DA:19,1
DA:20,1
DA:21,1
DA:22,1
DA:24,1
DA:25,1
DA:26,1
DA:27,1
DA:29,1
DA:30,1
DA:31,1
DA:32,1
DA:34,1
DA:35,1
DA:36,1
DA:38,1
DA:39,1
DA:40,1
DA:42,1
DA:43,1
DA:45,1
DA:46,1
DA:47,1
DA:48,1
DA:50,1
DA:51,1
DA:52,1
DA:53,1
DA:55,1
DA:56,1
DA:57,1
DA:58,1
DA:60,1
DA:61,1
DA:62,1
DA:63,1
DA:64,1
DA:67,1
DA:68,1
DA:69,1
DA:70,1
DA:72,1
DA:73,1
DA:74,1
DA:75,1
DA:78,1
DA:79,1
LF:51
LH:51
BRF:0
BRH:0
FNF:1
FNH:1
end_of_record
SF:/modernize-data/studio-data/TNT1001/APP2757/transformed-code/897/studio-workspace/Ecommerce-Informatica/src/EcommerceInformatica.Infrastructure/Data/Configurations/ProductConfiguration.cs
FN:12,System.Void EcommerceInformatica.Infrastructure.Data.Configurations.ProductConfiguration::Configure(Microsoft.EntityFrameworkCore.Metadata.Builders.EntityTypeBuilder`1<EcommerceInformatica.Domain.Entities.Product>)
FNDA:1,System.Void EcommerceInformatica.Infrastructure.Data.Configurations.ProductConfiguration::Configure(Microsoft.EntityFrameworkCore.Metadata.Builders.EntityTypeBuilder`1<EcommerceInformatica.Domain.Entities.Product>)
DA:13,1
DA:14,1
DA:16,1
DA:17,1
DA:19,1
DA:20,1
DA:21,1
DA:22,1
DA:24,1
DA:25,1
DA:26,1
DA:28,1
DA:29,1
DA:30,1
DA:31,1
DA:32,1
DA:33,1
DA:35,1
DA:36,1
DA:37,1
DA:38,1
DA:41,1
DA:42,1
DA:43,1
DA:44,1
DA:46,1
DA:47,1
DA:48,1
DA:49,1
DA:51,1
DA:52,1
DA:53,1
DA:54,1
DA:55,1
LF:34
LH:34
BRF:0
BRH:0
FNF:1
FNH:1
end_of_record
SF:/modernize-data/studio-data/TNT1001/APP2757/transformed-code/897/studio-workspace/Ecommerce-Informatica/src/EcommerceInformatica.Infrastructure/Data/Configurations/ProviderConfiguration.cs
FN:12,System.Void EcommerceInformatica.Infrastructure.Data.Configurations.ProviderConfiguration::Configure(Microsoft.EntityFrameworkCore.Metadata.Builders.EntityTypeBuilder`1<EcommerceInformatica.Domain.Entities.Provider>)
FNDA:1,System.Void EcommerceInformatica.Infrastructure.Data.Configurations.ProviderConfiguration::Configure(Microsoft.EntityFrameworkCore.Metadata.Builders.EntityTypeBuilder`1<EcommerceInformatica.Domain.Entities.Provider>)
DA:13,1
DA:14,1
DA:16,1
DA:17,1
DA:19,1
DA:20,1
DA:21,1
DA:22,1
DA:24,1
DA:25,1
DA:26,1
DA:28,1
DA:29,1
DA:30,1
DA:32,1
DA:33,1
DA:34,1
DA:36,1
DA:37,1
DA:38,1
DA:39,1
DA:40,1
DA:41,1
LF:23
LH:23
BRF:0
BRH:0
FNF:1
FNH:1
end_of_record
SF:/modernize-data/studio-data/TNT1001/APP2757/transformed-code/897/studio-workspace/Ecommerce-Informatica/src/EcommerceInformatica.Application/Mappings/MappingProfile.cs
FN:11,System.Void EcommerceInformatica.Application.Mappings.MappingProfile::.ctor()
FNDA:11,System.Void EcommerceInformatica.Application.Mappings.MappingProfile::.ctor()
DA:12,11
DA:13,11
DA:15,11
DA:16,11
DA:17,11
DA:18,22
DA:20,11
DA:21,11
DA:22,11
DA:23,11
DA:24,11
DA:25,11
DA:26,11
DA:27,11
DA:28,11
DA:29,11
DA:30,22
DA:32,11
DA:33,11
DA:34,11
DA:35,11
DA:36,11
DA:37,11
DA:38,11
DA:39,11
DA:40,11
DA:41,22
DA:44,11
DA:45,11
DA:46,11
DA:47,11
DA:48,11
DA:49,11
DA:50,11
DA:51,11
DA:52,22
DA:53,11
DA:54,11
DA:55,11
DA:56,11
DA:57,11
DA:58,11
DA:59,22
DA:62,11
DA:63,11
DA:64,11
DA:65,11
DA:66,11
DA:67,11
DA:68,11
DA:69,11
DA:70,22
DA:71,11
DA:72,11
DA:73,11
DA:74,11
DA:75,11
DA:76,11
DA:77,22
DA:80,11
DA:81,11
DA:82,11
DA:83,11
DA:84,11
DA:85,11
DA:86,11
DA:87,11
DA:88,22
DA:89,11
DA:90,11
DA:91,11
DA:92,11
DA:93,11
DA:94,11
DA:95,22
DA:98,11
DA:99,11
DA:100,22
DA:102,11
DA:103,11
DA:104,11
DA:105,11
DA:106,11
DA:107,11
DA:108,11
DA:109,11
DA:110,11
DA:111,11
DA:112,22
DA:114,11
DA:115,11
DA:116,11
DA:117,11
DA:118,11
DA:119,11
DA:120,11
DA:121,11
DA:122,11
DA:123,11
DA:124,11
DA:125,22
DA:126,11
LF:102
LH:102
BRF:0
BRH:0
FNF:1
FNH:1
end_of_record
SF:/modernize-data/studio-data/TNT1001/APP2757/transformed-code/897/studio-workspace/Ecommerce-Informatica/src/EcommerceInformatica.Application/Extensions/ServiceCollectionExtensions.cs
FN:10,Microsoft.Extensions.DependencyInjection.IServiceCollection EcommerceInformatica.Application.Extensions.ServiceCollectionExtensions::AddApplicationServices(Microsoft.Extensions.DependencyInjection.IServiceCollection)
FNDA:4,Microsoft.Extensions.DependencyInjection.IServiceCollection EcommerceInformatica.Application.Extensions.ServiceCollectionExtensions::AddApplicationServices(Microsoft.Extensions.DependencyInjection.IServiceCollection)
DA:11,4
DA:13,4
DA:17,4
DA:18,4
LF:4
LH:4
BRF:0
BRH:0
FNF:1
FNH:1
end_of_record
SF:/modernize-data/studio-data/TNT1001/APP2757/transformed-code/897/studio-workspace/Ecommerce-Informatica/src/EcommerceInformatica.Application/DTOs/BrandDto.cs
FN:7,System.Int32 EcommerceInformatica.Application.DTOs.BrandDto::get_Id()
FNDA:4,System.Int32 EcommerceInformatica.Application.DTOs.BrandDto::get_Id()
DA:8,4
FN:8,System.String EcommerceInformatica.Application.DTOs.BrandDto::get_Name()
FNDA:6,System.String EcommerceInformatica.Application.DTOs.BrandDto::get_Name()
DA:9,6
FN:9,System.String EcommerceInformatica.Application.DTOs.BrandDto::get_Description()
FNDA:6,System.String EcommerceInformatica.Application.DTOs.BrandDto::get_Description()
DA:10,6
FN:10,System.Boolean EcommerceInformatica.Application.DTOs.BrandDto::get_IsActive()
FNDA:4,System.Boolean EcommerceInformatica.Application.DTOs.BrandDto::get_IsActive()
DA:11,4
FN:18,System.String EcommerceInformatica.Application.DTOs.BrandCreateDto::get_Name()
FNDA:3,System.String EcommerceInformatica.Application.DTOs.BrandCreateDto::get_Name()
DA:19,3
FN:19,System.String EcommerceInformatica.Application.DTOs.BrandCreateDto::get_Description()
FNDA:4,System.String EcommerceInformatica.Application.DTOs.BrandCreateDto::get_Description()
DA:20,4
FN:27,System.String EcommerceInformatica.Application.DTOs.BrandUpdateDto::get_Name()
FNDA:3,System.String EcommerceInformatica.Application.DTOs.BrandUpdateDto::get_Name()
DA:28,3
FN:28,System.String EcommerceInformatica.Application.DTOs.BrandUpdateDto::get_Description()
FNDA:4,System.String EcommerceInformatica.Application.DTOs.BrandUpdateDto::get_Description()
DA:29,4
FN:29,System.Boolean EcommerceInformatica.Application.DTOs.BrandUpdateDto::get_IsActive()
FNDA:2,System.Boolean EcommerceInformatica.Application.DTOs.BrandUpdateDto::get_IsActive()
DA:30,2
LF:9
LH:9
BRF:0
BRH:0
FNF:9
FNH:9
end_of_record
SF:/modernize-data/studio-data/TNT1001/APP2757/transformed-code/897/studio-workspace/Ecommerce-Informatica/src/EcommerceInformatica.Application/DTOs/CategoryDto.cs
FN:7,System.Int32 EcommerceInformatica.Application.DTOs.CategoryDto::get_Id()
FNDA:4,System.Int32 EcommerceInformatica.Application.DTOs.CategoryDto::get_Id()
DA:8,4
FN:8,System.String EcommerceInformatica.Application.DTOs.CategoryDto::get_Name()
FNDA:6,System.String EcommerceInformatica.Application.DTOs.CategoryDto::get_Name()
DA:9,6
FN:9,System.String EcommerceInformatica.Application.DTOs.CategoryDto::get_Description()
FNDA:6,System.String EcommerceInformatica.Application.DTOs.CategoryDto::get_Description()
DA:10,6
FN:10,System.Boolean EcommerceInformatica.Application.DTOs.CategoryDto::get_IsActive()
FNDA:4,System.Boolean EcommerceInformatica.Application.DTOs.CategoryDto::get_IsActive()
DA:11,4
FN:18,System.String EcommerceInformatica.Application.DTOs.CategoryCreateDto::get_Name()
FNDA:3,System.String EcommerceInformatica.Application.DTOs.CategoryCreateDto::get_Name()
DA:19,3
FN:19,System.String EcommerceInformatica.Application.DTOs.CategoryCreateDto::get_Description()
FNDA:4,System.String EcommerceInformatica.Application.DTOs.CategoryCreateDto::get_Description()
DA:20,4
FN:27,System.String EcommerceInformatica.Application.DTOs.CategoryUpdateDto::get_Name()
FNDA:3,System.String EcommerceInformatica.Application.DTOs.CategoryUpdateDto::get_Name()
DA:28,3
FN:28,System.String EcommerceInformatica.Application.DTOs.CategoryUpdateDto::get_Description()
FNDA:4,System.String EcommerceInformatica.Application.DTOs.CategoryUpdateDto::get_Description()
DA:29,4
FN:29,System.Boolean EcommerceInformatica.Application.DTOs.CategoryUpdateDto::get_IsActive()
FNDA:2,System.Boolean EcommerceInformatica.Application.DTOs.CategoryUpdateDto::get_IsActive()
DA:30,2
LF:9
LH:9
BRF:0
BRH:0
FNF:9
FNH:9
end_of_record
SF:/modernize-data/studio-data/TNT1001/APP2757/transformed-code/897/studio-workspace/Ecommerce-Informatica/src/EcommerceInformatica.Application/DTOs/PersonDto.cs
FN:7,System.Int32 EcommerceInformatica.Application.DTOs.PersonDto::get_Id()
FNDA:4,System.Int32 EcommerceInformatica.Application.DTOs.PersonDto::get_Id()
DA:8,4
FN:8,System.String EcommerceInformatica.Application.DTOs.PersonDto::get_FirstName()
FNDA:6,System.String EcommerceInformatica.Application.DTOs.PersonDto::get_FirstName()
DA:9,6
FN:9,System.String EcommerceInformatica.Application.DTOs.PersonDto::get_LastName()
FNDA:6,System.String EcommerceInformatica.Application.DTOs.PersonDto::get_LastName()
DA:10,6
FN:10,System.String EcommerceInformatica.Application.DTOs.PersonDto::get_Email()
FNDA:6,System.String EcommerceInformatica.Application.DTOs.PersonDto::get_Email()
DA:11,6
FN:11,System.String EcommerceInformatica.Application.DTOs.PersonDto::get_Phone()
FNDA:6,System.String EcommerceInformatica.Application.DTOs.PersonDto::get_Phone()
DA:12,6
FN:12,System.String EcommerceInformatica.Application.DTOs.PersonDto::get_Address()
FNDA:6,System.String EcommerceInformatica.Application.DTOs.PersonDto::get_Address()
DA:13,6
FN:13,System.Nullable`1<System.Int32> EcommerceInformatica.Application.DTOs.PersonDto::get_CityId()
FNDA:6,System.Nullable`1<System.Int32> EcommerceInformatica.Application.DTOs.PersonDto::get_CityId()
DA:14,6
FN:14,System.String EcommerceInformatica.Application.DTOs.PersonDto::get_CityName()
FNDA:6,System.String EcommerceInformatica.Application.DTOs.PersonDto::get_CityName()
DA:15,6
FN:15,System.Nullable`1<System.Int32> EcommerceInformatica.Application.DTOs.PersonDto::get_ProvinceId()
FNDA:6,System.Nullable`1<System.Int32> EcommerceInformatica.Application.DTOs.PersonDto::get_ProvinceId()
DA:16,6
FN:16,System.String EcommerceInformatica.Application.DTOs.PersonDto::get_ProvinceName()
FNDA:6,System.String EcommerceInformatica.Application.DTOs.PersonDto::get_ProvinceName()
DA:17,6
FN:17,System.String EcommerceInformatica.Application.DTOs.PersonDto::get_Username()
FNDA:6,System.String EcommerceInformatica.Application.DTOs.PersonDto::get_Username()
DA:18,6
FN:18,System.String EcommerceInformatica.Application.DTOs.PersonDto::get_Role()
FNDA:6,System.String EcommerceInformatica.Application.DTOs.PersonDto::get_Role()
DA:19,6
FN:19,System.Boolean EcommerceInformatica.Application.DTOs.PersonDto::get_IsActive()
FNDA:4,System.Boolean EcommerceInformatica.Application.DTOs.PersonDto::get_IsActive()
DA:20,4
FN:27,System.String EcommerceInformatica.Application.DTOs.PersonCreateDto::get_FirstName()
FNDA:3,System.String EcommerceInformatica.Application.DTOs.PersonCreateDto::get_FirstName()
DA:28,3
FN:28,System.String EcommerceInformatica.Application.DTOs.PersonCreateDto::get_LastName()
FNDA:3,System.String EcommerceInformatica.Application.DTOs.PersonCreateDto::get_LastName()
DA:29,3
FN:29,System.String EcommerceInformatica.Application.DTOs.PersonCreateDto::get_Email()
FNDA:3,System.String EcommerceInformatica.Application.DTOs.PersonCreateDto::get_Email()
DA:30,3
FN:30,System.String EcommerceInformatica.Application.DTOs.PersonCreateDto::get_Phone()
FNDA:4,System.String EcommerceInformatica.Application.DTOs.PersonCreateDto::get_Phone()
DA:31,4
FN:31,System.String EcommerceInformatica.Application.DTOs.PersonCreateDto::get_Address()
FNDA:4,System.String EcommerceInformatica.Application.DTOs.PersonCreateDto::get_Address()
DA:32,4
FN:32,System.Nullable`1<System.Int32> EcommerceInformatica.Application.DTOs.PersonCreateDto::get_CityId()
FNDA:4,System.Nullable`1<System.Int32> EcommerceInformatica.Application.DTOs.PersonCreateDto::get_CityId()
DA:33,4
FN:33,System.Nullable`1<System.Int32> EcommerceInformatica.Application.DTOs.PersonCreateDto::get_ProvinceId()
FNDA:4,System.Nullable`1<System.Int32> EcommerceInformatica.Application.DTOs.PersonCreateDto::get_ProvinceId()
DA:34,4
FN:34,System.String EcommerceInformatica.Application.DTOs.PersonCreateDto::get_Username()
FNDA:3,System.String EcommerceInformatica.Application.DTOs.PersonCreateDto::get_Username()
DA:35,3
FN:35,System.String EcommerceInformatica.Application.DTOs.PersonCreateDto::get_Password()
FNDA:3,System.String EcommerceInformatica.Application.DTOs.PersonCreateDto::get_Password()
DA:36,3
FN:36,System.String EcommerceInformatica.Application.DTOs.PersonCreateDto::get_Role()
FNDA:3,System.String EcommerceInformatica.Application.DTOs.PersonCreateDto::get_Role()
DA:37,3
FN:44,System.String EcommerceInformatica.Application.DTOs.PersonUpdateDto::get_FirstName()
FNDA:3,System.String EcommerceInformatica.Application.DTOs.PersonUpdateDto::get_FirstName()
DA:45,3
FN:45,System.String EcommerceInformatica.Application.DTOs.PersonUpdateDto::get_LastName()
FNDA:3,System.String EcommerceInformatica.Application.DTOs.PersonUpdateDto::get_LastName()
DA:46,3
FN:46,System.String EcommerceInformatica.Application.DTOs.PersonUpdateDto::get_Email()
FNDA:3,System.String EcommerceInformatica.Application.DTOs.PersonUpdateDto::get_Email()
DA:47,3
FN:47,System.String EcommerceInformatica.Application.DTOs.PersonUpdateDto::get_Phone()
FNDA:4,System.String EcommerceInformatica.Application.DTOs.PersonUpdateDto::get_Phone()
DA:48,4
FN:48,System.String EcommerceInformatica.Application.DTOs.PersonUpdateDto::get_Address()
FNDA:4,System.String EcommerceInformatica.Application.DTOs.PersonUpdateDto::get_Address()
DA:49,4
FN:49,System.Nullable`1<System.Int32> EcommerceInformatica.Application.DTOs.PersonUpdateDto::get_CityId()
FNDA:4,System.Nullable`1<System.Int32> EcommerceInformatica.Application.DTOs.PersonUpdateDto::get_CityId()
DA:50,4
FN:50,System.Nullable`1<System.Int32> EcommerceInformatica.Application.DTOs.PersonUpdateDto::get_ProvinceId()
FNDA:4,System.Nullable`1<System.Int32> EcommerceInformatica.Application.DTOs.PersonUpdateDto::get_ProvinceId()
DA:51,4
FN:51,System.Boolean EcommerceInformatica.Application.DTOs.PersonUpdateDto::get_IsActive()
FNDA:2,System.Boolean EcommerceInformatica.Application.DTOs.PersonUpdateDto::get_IsActive()
DA:52,2
LF:31
LH:31
BRF:0
BRH:0
FNF:31
FNH:31
end_of_record
SF:/modernize-data/studio-data/TNT1001/APP2757/transformed-code/897/studio-workspace/Ecommerce-Informatica/src/EcommerceInformatica.Application/DTOs/ProductDto.cs
FN:7,System.Int32 EcommerceInformatica.Application.DTOs.ProductDto::get_Id()
FNDA:4,System.Int32 EcommerceInformatica.Application.DTOs.ProductDto::get_Id()
DA:8,4
FN:8,System.String EcommerceInformatica.Application.DTOs.ProductDto::get_Name()
FNDA:6,System.String EcommerceInformatica.Application.DTOs.ProductDto::get_Name()
DA:9,6
FN:9,System.String EcommerceInformatica.Application.DTOs.ProductDto::get_Description()
FNDA:6,System.String EcommerceInformatica.Application.DTOs.ProductDto::get_Description()
DA:10,6
FN:10,System.Int32 EcommerceInformatica.Application.DTOs.ProductDto::get_ProviderId()
FNDA:4,System.Int32 EcommerceInformatica.Application.DTOs.ProductDto::get_ProviderId()
DA:11,4
FN:11,System.String EcommerceInformatica.Application.DTOs.ProductDto::get_ProviderName()
FNDA:6,System.String EcommerceInformatica.Application.DTOs.ProductDto::get_ProviderName()
DA:12,6
FN:12,System.Int32 EcommerceInformatica.Application.DTOs.ProductDto::get_BrandId()
FNDA:4,System.Int32 EcommerceInformatica.Application.DTOs.ProductDto::get_BrandId()
DA:13,4
FN:13,System.String EcommerceInformatica.Application.DTOs.ProductDto::get_BrandName()
FNDA:6,System.String EcommerceInformatica.Application.DTOs.ProductDto::get_BrandName()
DA:14,6
FN:14,System.Int32 EcommerceInformatica.Application.DTOs.ProductDto::get_CategoryId()
FNDA:4,System.Int32 EcommerceInformatica.Application.DTOs.ProductDto::get_CategoryId()
DA:15,4
FN:15,System.String EcommerceInformatica.Application.DTOs.ProductDto::get_CategoryName()
FNDA:6,System.String EcommerceInformatica.Application.DTOs.ProductDto::get_CategoryName()
DA:16,6
FN:16,System.Int32 EcommerceInformatica.Application.DTOs.ProductDto::get_Stock()
FNDA:4,System.Int32 EcommerceInformatica.Application.DTOs.ProductDto::get_Stock()
DA:17,4
FN:17,System.Decimal EcommerceInformatica.Application.DTOs.ProductDto::get_UnitPrice()
FNDA:4,System.Decimal EcommerceInformatica.Application.DTOs.ProductDto::get_UnitPrice()
DA:18,4
FN:18,System.Boolean EcommerceInformatica.Application.DTOs.ProductDto::get_IsActive()
FNDA:4,System.Boolean EcommerceInformatica.Application.DTOs.ProductDto::get_IsActive()
DA:19,4
FN:26,System.String EcommerceInformatica.Application.DTOs.ProductCreateDto::get_Name()
FNDA:6,System.String EcommerceInformatica.Application.DTOs.ProductCreateDto::get_Name()
DA:27,6
FN:27,System.String EcommerceInformatica.Application.DTOs.ProductCreateDto::get_Description()
FNDA:7,System.String EcommerceInformatica.Application.DTOs.ProductCreateDto::get_Description()
DA:28,7
FN:28,System.Int32 EcommerceInformatica.Application.DTOs.ProductCreateDto::get_ProviderId()
FNDA:5,System.Int32 EcommerceInformatica.Application.DTOs.ProductCreateDto::get_ProviderId()
DA:29,5
FN:29,System.Int32 EcommerceInformatica.Application.DTOs.ProductCreateDto::get_BrandId()
FNDA:5,System.Int32 EcommerceInformatica.Application.DTOs.ProductCreateDto::get_BrandId()
DA:30,5
FN:30,System.Int32 EcommerceInformatica.Application.DTOs.ProductCreateDto::get_CategoryId()
FNDA:5,System.Int32 EcommerceInformatica.Application.DTOs.ProductCreateDto::get_CategoryId()
DA:31,5
FN:31,System.Int32 EcommerceInformatica.Application.DTOs.ProductCreateDto::get_Stock()
FNDA:5,System.Int32 EcommerceInformatica.Application.DTOs.ProductCreateDto::get_Stock()
DA:32,5
FN:32,System.Decimal EcommerceInformatica.Application.DTOs.ProductCreateDto::get_UnitPrice()
FNDA:5,System.Decimal EcommerceInformatica.Application.DTOs.ProductCreateDto::get_UnitPrice()
DA:33,5
FN:40,System.String EcommerceInformatica.Application.DTOs.ProductUpdateDto::get_Name()
FNDA:6,System.String EcommerceInformatica.Application.DTOs.ProductUpdateDto::get_Name()
DA:41,6
FN:41,System.String EcommerceInformatica.Application.DTOs.ProductUpdateDto::get_Description()
FNDA:7,System.String EcommerceInformatica.Application.DTOs.ProductUpdateDto::get_Description()
DA:42,7
FN:42,System.Int32 EcommerceInformatica.Application.DTOs.ProductUpdateDto::get_ProviderId()
FNDA:5,System.Int32 EcommerceInformatica.Application.DTOs.ProductUpdateDto::get_ProviderId()
DA:43,5
FN:43,System.Int32 EcommerceInformatica.Application.DTOs.ProductUpdateDto::get_BrandId()
FNDA:5,System.Int32 EcommerceInformatica.Application.DTOs.ProductUpdateDto::get_BrandId()
DA:44,5
FN:44,System.Int32 EcommerceInformatica.Application.DTOs.ProductUpdateDto::get_CategoryId()
FNDA:5,System.Int32 EcommerceInformatica.Application.DTOs.ProductUpdateDto::get_CategoryId()
DA:45,5
FN:45,System.Int32 EcommerceInformatica.Application.DTOs.ProductUpdateDto::get_Stock()
FNDA:5,System.Int32 EcommerceInformatica.Application.DTOs.ProductUpdateDto::get_Stock()
DA:46,5
FN:46,System.Decimal EcommerceInformatica.Application.DTOs.ProductUpdateDto::get_UnitPrice()
FNDA:5,System.Decimal EcommerceInformatica.Application.DTOs.ProductUpdateDto::get_UnitPrice()
DA:47,5
FN:47,System.Boolean EcommerceInformatica.Application.DTOs.ProductUpdateDto::get_IsActive()
FNDA:5,System.Boolean EcommerceInformatica.Application.DTOs.ProductUpdateDto::get_IsActive()
DA:48,5
LF:27
LH:27
BRF:0
BRH:0
FNF:27
FNH:27
end_of_record
SF:/modernize-data/studio-data/TNT1001/APP2757/transformed-code/897/studio-workspace/Ecommerce-Informatica/src/EcommerceInformatica.Application/DTOs/ProviderDto.cs
FN:7,System.Int32 EcommerceInformatica.Application.DTOs.ProviderDto::get_Id()
FNDA:4,System.Int32 EcommerceInformatica.Application.DTOs.ProviderDto::get_Id()
DA:8,4
FN:8,System.String EcommerceInformatica.Application.DTOs.ProviderDto::get_Name()
FNDA:6,System.String EcommerceInformatica.Application.DTOs.ProviderDto::get_Name()
DA:9,6
FN:9,System.String EcommerceInformatica.Application.DTOs.ProviderDto::get_Email()
FNDA:6,System.String EcommerceInformatica.Application.DTOs.ProviderDto::get_Email()
DA:10,6
FN:10,System.String EcommerceInformatica.Application.DTOs.ProviderDto::get_Phone()
FNDA:6,System.String EcommerceInformatica.Application.DTOs.ProviderDto::get_Phone()
DA:11,6
FN:11,System.String EcommerceInformatica.Application.DTOs.ProviderDto::get_Address()
FNDA:6,System.String EcommerceInformatica.Application.DTOs.ProviderDto::get_Address()
DA:12,6
FN:12,System.Boolean EcommerceInformatica.Application.DTOs.ProviderDto::get_IsActive()
FNDA:4,System.Boolean EcommerceInformatica.Application.DTOs.ProviderDto::get_IsActive()
DA:13,4
FN:20,System.String EcommerceInformatica.Application.DTOs.ProviderCreateDto::get_Name()
FNDA:3,System.String EcommerceInformatica.Application.DTOs.ProviderCreateDto::get_Name()
DA:21,3
FN:21,System.String EcommerceInformatica.Application.DTOs.ProviderCreateDto::get_Email()
FNDA:4,System.String EcommerceInformatica.Application.DTOs.ProviderCreateDto::get_Email()
DA:22,4
FN:22,System.String EcommerceInformatica.Application.DTOs.ProviderCreateDto::get_Phone()
FNDA:4,System.String EcommerceInformatica.Application.DTOs.ProviderCreateDto::get_Phone()
DA:23,4
FN:23,System.String EcommerceInformatica.Application.DTOs.ProviderCreateDto::get_Address()
FNDA:4,System.String EcommerceInformatica.Application.DTOs.ProviderCreateDto::get_Address()
DA:24,4
FN:31,System.String EcommerceInformatica.Application.DTOs.ProviderUpdateDto::get_Name()
FNDA:3,System.String EcommerceInformatica.Application.DTOs.ProviderUpdateDto::get_Name()
DA:32,3
FN:32,System.String EcommerceInformatica.Application.DTOs.ProviderUpdateDto::get_Email()
FNDA:4,System.String EcommerceInformatica.Application.DTOs.ProviderUpdateDto::get_Email()
DA:33,4
FN:33,System.String EcommerceInformatica.Application.DTOs.ProviderUpdateDto::get_Phone()
FNDA:4,System.String EcommerceInformatica.Application.DTOs.ProviderUpdateDto::get_Phone()
DA:34,4
FN:34,System.String EcommerceInformatica.Application.DTOs.ProviderUpdateDto::get_Address()
FNDA:4,System.String EcommerceInformatica.Application.DTOs.ProviderUpdateDto::get_Address()
DA:35,4
FN:35,System.Boolean EcommerceInformatica.Application.DTOs.ProviderUpdateDto::get_IsActive()
FNDA:2,System.Boolean EcommerceInformatica.Application.DTOs.ProviderUpdateDto::get_IsActive()
DA:36,2
LF:15
LH:15
BRF:0
BRH:0
FNF:15
FNH:15
end_of_record
SF:/modernize-data/studio-data/TNT1001/APP2757/transformed-code/897/studio-workspace/Ecommerce-Informatica/src/EcommerceInformatica.Web/Program.cs
FN:4,System.Void Program::<Main>$(System.String[])
FNDA:0,System.Void Program::<Main>$(System.String[])
DA:5,0
DA:8,0
DA:9,0
DA:10,0
DA:11,0
DA:12,0
DA:13,0
DA:15,0
DA:18,0
DA:21,0
DA:22,0
DA:25,0
DA:26,0
DA:27,0
DA:28,0
DA:29,0
DA:30,0
DA:31,0
DA:34,0
DA:36,0
DA:39,0
DA:40,0
DA:41,0
DA:42,0
DA:43,0
DA:45,0
DA:46,0
DA:48,0
DA:50,0
DA:52,0
DA:54,0
DA:57,0
DA:58,0
DA:59,0
DA:60,0
DA:61,0
DA:62,0
DA:63,0
DA:64,0
DA:66,0
DA:67,0
DA:68,0
BRDA:39,294,0,0
BRDA:39,294,1,0
LF:42
LH:0
BRF:2
BRH:0
FNF:1
FNH:0
end_of_record
SF:/modernize-data/studio-data/TNT1001/APP2757/transformed-code/897/studio-workspace/Ecommerce-Informatica/src/EcommerceInformatica.Web/Pages/Error.cshtml.cs
FN:10,System.String EcommerceInformatica.Web.Pages.ErrorModel::get_RequestId()
FNDA:0,System.String EcommerceInformatica.Web.Pages.ErrorModel::get_RequestId()
DA:11,0
FN:11,System.Boolean EcommerceInformatica.Web.Pages.ErrorModel::get_ShowRequestId()
FNDA:0,System.Boolean EcommerceInformatica.Web.Pages.ErrorModel::get_ShowRequestId()
DA:12,0
FN:14,System.Void EcommerceInformatica.Web.Pages.ErrorModel::OnGet()
FNDA:0,System.Void EcommerceInformatica.Web.Pages.ErrorModel::OnGet()
DA:15,0
DA:16,0
DA:17,0
BRDA:16,8,0,0
BRDA:16,8,1,0
BRDA:16,20,0,0
BRDA:16,20,1,0
LF:5
LH:0
BRF:4
BRH:0
FNF:3
FNH:0
end_of_record
SF:/modernize-data/studio-data/TNT1001/APP2757/transformed-code/897/studio-workspace/Ecommerce-Informatica/src/EcommerceInformatica.Web/Pages/Index.cshtml.cs
FN:7,System.Void EcommerceInformatica.Web.Pages.IndexModel::OnGet()
FNDA:0,System.Void EcommerceInformatica.Web.Pages.IndexModel::OnGet()
DA:8,0
DA:9,0
LF:2
LH:0
BRF:0
BRH:0
FNF:1
FNH:0
end_of_record
SF:/modernize-data/studio-data/TNT1001/APP2757/transformed-code/897/studio-workspace/Ecommerce-Informatica/src/EcommerceInformatica.Web/Pages/Error.cshtml
FN:3,System.Void EcommerceInformatica.Web.Pages.Pages_Error/<ExecuteAsync>d__0::MoveNext()
FNDA:0,System.Void EcommerceInformatica.Web.Pages.Pages_Error/<ExecuteAsync>d__0::MoveNext()
DA:4,0
DA:10,0
DA:11,0
DA:15,0
BRDA:10,70,0,0
BRDA:10,70,1,0
LF:4
LH:0
BRF:2
BRH:0
FNF:1
FNH:0
end_of_record
SF:/modernize-data/studio-data/TNT1001/APP2757/transformed-code/897/studio-workspace/Ecommerce-Informatica/src/EcommerceInformatica.Web/Pages/Index.cshtml
FN:3,System.Void EcommerceInformatica.Web.Pages.Pages_Index/<ExecuteAsync>d__11::MoveNext()
FNDA:0,System.Void EcommerceInformatica.Web.Pages.Pages_Index/<ExecuteAsync>d__11::MoveNext()
DA:4,0
DA:13,0
DA:14,0
DA:16,0
BRDA:4,420,0,0
BRDA:4,420,1,0
BRDA:13,638,0,0
BRDA:14,990,0,0
BRDA:14,990,1,0
BRDA:13,638,1,0
LF:4
LH:0
BRF:6
BRH:0
FNF:1
FNH:0
end_of_record
SF:/modernize-data/studio-data/TNT1001/APP2757/transformed-code/897/studio-workspace/Ecommerce-Informatica/src/EcommerceInformatica.Web/Pages/_ViewStart.cshtml
FN:1,System.Void EcommerceInformatica.Web.Pages.Pages__ViewStart/<ExecuteAsync>d__0::MoveNext()
FNDA:0,System.Void EcommerceInformatica.Web.Pages.Pages__ViewStart/<ExecuteAsync>d__0::MoveNext()
DA:2,0
LF:1
LH:0
BRF:0
BRH:0
FNF:1
FNH:0
end_of_record
SF:/modernize-data/studio-data/TNT1001/APP2757/transformed-code/897/studio-workspace/Ecommerce-Informatica/src/EcommerceInformatica.Web/Pages/Shared/_Layout.cshtml
FN:12,System.Void EcommerceInformatica.Web.Pages.Shared.Pages_Shared__Layout/<<ExecuteAsync>b__26_1>d::MoveNext()
FNDA:0,System.Void EcommerceInformatica.Web.Pages.Shared.Pages_Shared__Layout/<<ExecuteAsync>b__26_1>d::MoveNext()
DA:13,0
DA:14,0
DA:15,0
DA:39,0
DA:40,0
DA:47,0
DA:50,0
DA:51,0
DA:58,0
DA:60,0
DA:67,0
BRDA:15,677,0,0
BRDA:15,677,1,0
BRDA:15,1191,0,0
BRDA:15,1191,1,0
BRDA:15,1705,0,0
BRDA:15,1705,1,0
BRDA:15,2219,0,0
BRDA:15,2219,1,0
BRDA:15,2733,0,0
BRDA:15,2733,1,0
BRDA:39,2939,0,0
BRDA:40,3292,0,0
BRDA:40,3292,1,0
BRDA:40,3808,0,0
BRDA:40,3808,1,0
BRDA:39,2939,1,0
BRDA:50,4025,0,0
BRDA:51,4413,0,0
BRDA:51,4413,1,0
BRDA:50,4025,1,0
BRDA:60,4953,0,0
BRDA:60,4953,1,0
BRDA:60,5469,0,0
BRDA:60,5469,1,0
BRDA:67,6152,0,0
BRDA:67,6152,1,0
LF:11
LH:0
BRF:26
BRH:0
FNF:1
FNH:0
end_of_record