<?xml version="1.0" encoding="utf-8"?>
<coverage line-rate="0.828" branch-rate="0.3095" version="1.9" timestamp="1767355813" lines-covered="1026" lines-valid="1239" branches-covered="26" branches-valid="84">
  <sources>
    <source>/</source>
  </sources>
  <packages>
    <package name="EcommerceApp.Application" line-rate="0.8320000000000001" branch-rate="1" complexity="84">
      <classes>
        <class name="EcommerceApp.Application.Services.CategoryService" filename="modernize-data/studio-data/TNT1001/APP2719/transformed-code/858/studio-workspace/Ecommerce-component/src/EcommerceApp.Application/Services/CategoryService.cs" line-rate="1" branch-rate="1" complexity="1">
          <methods>
            <method name=".ctor" signature="(EcommerceApp.Domain.Interfaces.Repositories.ICategoryRepository,AutoMapper.IMapper,Microsoft.Extensions.Logging.ILogger`1&lt;EcommerceApp.Application.Services.CategoryService&gt;)" line-rate="1" branch-rate="1" complexity="1">
              <lines>
                <line number="16" hits="8" branch="False" />
                <line number="17" hits="8" branch="False" />
                <line number="18" hits="8" branch="False" />
                <line number="19" hits="8" branch="False" />
                <line number="20" hits="8" branch="False" />
                <line number="21" hits="8" branch="False" />
              </lines>
            </method>
          </methods>
          <lines>
            <line number="16" hits="8" branch="False" />
            <line number="17" hits="8" branch="False" />
            <line number="18" hits="8" branch="False" />
            <line number="19" hits="8" branch="False" />
            <line number="20" hits="8" branch="False" />
            <line number="21" hits="8" branch="False" />
          </lines>
        </class>
        <class name="EcommerceApp.Application.Services.CategoryService/&lt;CreateAsync&gt;d__6" filename="modernize-data/studio-data/TNT1001/APP2719/transformed-code/858/studio-workspace/Ecommerce-component/src/EcommerceApp.Application/Services/CategoryService.cs" line-rate="0.6" branch-rate="1" complexity="1">
          <methods>
            <method name="MoveNext" signature="()" line-rate="0.6" branch-rate="1" complexity="1">
              <lines>
                <line number="52" hits="1" branch="False" />
                <line number="54" hits="1" branch="False" />
                <line number="55" hits="1" branch="False" />
                <line number="56" hits="1" branch="False" />
                <line number="57" hits="1" branch="False" />
                <line number="59" hits="0" branch="False" />
                <line number="60" hits="0" branch="False" />
                <line number="61" hits="0" branch="False" />
                <line number="62" hits="0" branch="False" />
                <line number="64" hits="1" branch="False" />
              </lines>
            </method>
          </methods>
          <lines>
            <line number="52" hits="1" branch="False" />
            <line number="54" hits="1" branch="False" />
            <line number="55" hits="1" branch="False" />
            <line number="56" hits="1" branch="False" />
            <line number="57" hits="1" branch="False" />
            <line number="59" hits="0" branch="False" />
            <line number="60" hits="0" branch="False" />
            <line number="61" hits="0" branch="False" />
            <line number="62" hits="0" branch="False" />
            <line number="64" hits="1" branch="False" />
          </lines>
        </class>
        <class name="EcommerceApp.Application.Services.CategoryService/&lt;DeleteAsync&gt;d__8" filename="modernize-data/studio-data/TNT1001/APP2719/transformed-code/858/studio-workspace/Ecommerce-component/src/EcommerceApp.Application/Services/CategoryService.cs" line-rate="0.5555" branch-rate="1" complexity="1">
          <methods>
            <method name="MoveNext" signature="()" line-rate="0.5555" branch-rate="1" complexity="1">
              <lines>
                <line number="88" hits="1" branch="False" />
                <line number="90" hits="1" branch="False" />
                <line number="91" hits="1" branch="False" />
                <line number="92" hits="1" branch="False" />
                <line number="93" hits="0" branch="False" />
                <line number="94" hits="0" branch="False" />
                <line number="95" hits="0" branch="False" />
                <line number="96" hits="0" branch="False" />
                <line number="98" hits="1" branch="False" />
              </lines>
            </method>
          </methods>
          <lines>
            <line number="88" hits="1" branch="False" />
            <line number="90" hits="1" branch="False" />
            <line number="91" hits="1" branch="False" />
            <line number="92" hits="1" branch="False" />
            <line number="93" hits="0" branch="False" />
            <line number="94" hits="0" branch="False" />
            <line number="95" hits="0" branch="False" />
            <line number="96" hits="0" branch="False" />
            <line number="98" hits="1" branch="False" />
          </lines>
        </class>
        <class name="EcommerceApp.Application.Services.CategoryService/&lt;GetAllAsync&gt;d__4" filename="modernize-data/studio-data/TNT1001/APP2719/transformed-code/858/studio-workspace/Ecommerce-component/src/EcommerceApp.Application/Services/CategoryService.cs" line-rate="0.5555" branch-rate="1" complexity="1">
          <methods>
            <method name="MoveNext" signature="()" line-rate="0.5555" branch-rate="1" complexity="1">
              <lines>
                <line number="24" hits="1" branch="False" />
                <line number="26" hits="1" branch="False" />
                <line number="27" hits="1" branch="False" />
                <line number="28" hits="1" branch="False" />
                <line number="30" hits="0" branch="False" />
                <line number="31" hits="0" branch="False" />
                <line number="32" hits="0" branch="False" />
                <line number="33" hits="0" branch="False" />
                <line number="35" hits="1" branch="False" />
              </lines>
            </method>
          </methods>
          <lines>
            <line number="24" hits="1" branch="False" />
            <line number="26" hits="1" branch="False" />
            <line number="27" hits="1" branch="False" />
            <line number="28" hits="1" branch="False" />
            <line number="30" hits="0" branch="False" />
            <line number="31" hits="0" branch="False" />
            <line number="32" hits="0" branch="False" />
            <line number="33" hits="0" branch="False" />
            <line number="35" hits="1" branch="False" />
          </lines>
        </class>
        <class name="EcommerceApp.Application.Services.CategoryService/&lt;GetByIdAsync&gt;d__5" filename="modernize-data/studio-data/TNT1001/APP2719/transformed-code/858/studio-workspace/Ecommerce-component/src/EcommerceApp.Application/Services/CategoryService.cs" line-rate="0.5555" branch-rate="1" complexity="2">
          <methods>
            <method name="MoveNext" signature="()" line-rate="0.5555" branch-rate="1" complexity="2">
              <lines>
                <line number="38" hits="2" branch="False" />
                <line number="40" hits="2" branch="False" />
                <line number="41" hits="2" branch="False" />
                <line number="42" hits="2" branch="True" condition-coverage="100% (2/2)">
                  <conditions>
                    <condition number="172" type="jump" coverage="100%" />
                  </conditions>
                </line>
                <line number="44" hits="0" branch="False" />
                <line number="45" hits="0" branch="False" />
                <line number="46" hits="0" branch="False" />
                <line number="47" hits="0" branch="False" />
                <line number="49" hits="2" branch="False" />
              </lines>
            </method>
          </methods>
          <lines>
            <line number="38" hits="2" branch="False" />
            <line number="40" hits="2" branch="False" />
            <line number="41" hits="2" branch="False" />
            <line number="42" hits="2" branch="True" condition-coverage="100% (2/2)">
              <conditions>
                <condition number="172" type="jump" coverage="100%" />
              </conditions>
            </line>
            <line number="44" hits="0" branch="False" />
            <line number="45" hits="0" branch="False" />
            <line number="46" hits="0" branch="False" />
            <line number="47" hits="0" branch="False" />
            <line number="49" hits="2" branch="False" />
          </lines>
        </class>
        <class name="EcommerceApp.Application.Services.CategoryService/&lt;SearchAsync&gt;d__9" filename="modernize-data/studio-data/TNT1001/APP2719/transformed-code/858/studio-workspace/Ecommerce-component/src/EcommerceApp.Application/Services/CategoryService.cs" line-rate="0.5555" branch-rate="1" complexity="1">
          <methods>
            <method name="MoveNext" signature="()" line-rate="0.5555" branch-rate="1" complexity="1">
              <lines>
                <line number="101" hits="1" branch="False" />
                <line number="103" hits="1" branch="False" />
                <line number="104" hits="1" branch="False" />
                <line number="105" hits="1" branch="False" />
                <line number="107" hits="0" branch="False" />
                <line number="108" hits="0" branch="False" />
                <line number="109" hits="0" branch="False" />
                <line number="110" hits="0" branch="False" />
                <line number="112" hits="1" branch="False" />
              </lines>
            </method>
          </methods>
          <lines>
            <line number="101" hits="1" branch="False" />
            <line number="103" hits="1" branch="False" />
            <line number="104" hits="1" branch="False" />
            <line number="105" hits="1" branch="False" />
            <line number="107" hits="0" branch="False" />
            <line number="108" hits="0" branch="False" />
            <line number="109" hits="0" branch="False" />
            <line number="110" hits="0" branch="False" />
            <line number="112" hits="1" branch="False" />
          </lines>
        </class>
        <class name="EcommerceApp.Application.Services.CategoryService/&lt;UpdateAsync&gt;d__7" filename="modernize-data/studio-data/TNT1001/APP2719/transformed-code/858/studio-workspace/Ecommerce-component/src/EcommerceApp.Application/Services/CategoryService.cs" line-rate="1" branch-rate="1" complexity="2">
          <methods>
            <method name="MoveNext" signature="()" line-rate="1" branch-rate="1" complexity="2">
              <lines>
                <line number="67" hits="2" branch="False" />
                <line number="69" hits="2" branch="False" />
                <line number="70" hits="2" branch="False" />
                <line number="71" hits="2" branch="True" condition-coverage="100% (2/2)">
                  <conditions>
                    <condition number="189" type="jump" coverage="100%" />
                  </conditions>
                </line>
                <line number="72" hits="1" branch="False" />
                <line number="73" hits="1" branch="False" />
                <line number="76" hits="1" branch="False" />
                <line number="77" hits="1" branch="False" />
                <line number="78" hits="1" branch="False" />
                <line number="79" hits="1" branch="False" />
                <line number="80" hits="1" branch="False" />
                <line number="81" hits="1" branch="False" />
                <line number="82" hits="1" branch="False" />
                <line number="83" hits="1" branch="False" />
                <line number="85" hits="1" branch="False" />
              </lines>
            </method>
          </methods>
          <lines>
            <line number="67" hits="2" branch="False" />
            <line number="69" hits="2" branch="False" />
            <line number="70" hits="2" branch="False" />
            <line number="71" hits="2" branch="True" condition-coverage="100% (2/2)">
              <conditions>
                <condition number="189" type="jump" coverage="100%" />
              </conditions>
            </line>
            <line number="72" hits="1" branch="False" />
            <line number="73" hits="1" branch="False" />
            <line number="76" hits="1" branch="False" />
            <line number="77" hits="1" branch="False" />
            <line number="78" hits="1" branch="False" />
            <line number="79" hits="1" branch="False" />
            <line number="80" hits="1" branch="False" />
            <line number="81" hits="1" branch="False" />
            <line number="82" hits="1" branch="False" />
            <line number="83" hits="1" branch="False" />
            <line number="85" hits="1" branch="False" />
          </lines>
        </class>
        <class name="EcommerceApp.Application.Services.ProductService" filename="modernize-data/studio-data/TNT1001/APP2719/transformed-code/858/studio-workspace/Ecommerce-component/src/EcommerceApp.Application/Services/ProductService.cs" line-rate="1" branch-rate="1" complexity="1">
          <methods>
            <method name=".ctor" signature="(EcommerceApp.Domain.Interfaces.Repositories.IProductRepository,AutoMapper.IMapper,Microsoft.Extensions.Logging.ILogger`1&lt;EcommerceApp.Application.Services.ProductService&gt;)" line-rate="1" branch-rate="1" complexity="1">
              <lines>
                <line number="16" hits="9" branch="False" />
                <line number="17" hits="9" branch="False" />
                <line number="18" hits="9" branch="False" />
                <line number="19" hits="9" branch="False" />
                <line number="20" hits="9" branch="False" />
                <line number="21" hits="9" branch="False" />
              </lines>
            </method>
          </methods>
          <lines>
            <line number="16" hits="9" branch="False" />
            <line number="17" hits="9" branch="False" />
            <line number="18" hits="9" branch="False" />
            <line number="19" hits="9" branch="False" />
            <line number="20" hits="9" branch="False" />
            <line number="21" hits="9" branch="False" />
          </lines>
        </class>
        <class name="EcommerceApp.Application.Services.ProductService/&lt;CreateAsync&gt;d__6" filename="modernize-data/studio-data/TNT1001/APP2719/transformed-code/858/studio-workspace/Ecommerce-component/src/EcommerceApp.Application/Services/ProductService.cs" line-rate="0.6" branch-rate="1" complexity="1">
          <methods>
            <method name="MoveNext" signature="()" line-rate="0.6" branch-rate="1" complexity="1">
              <lines>
                <line number="52" hits="1" branch="False" />
                <line number="54" hits="1" branch="False" />
                <line number="55" hits="1" branch="False" />
                <line number="56" hits="1" branch="False" />
                <line number="57" hits="1" branch="False" />
                <line number="59" hits="0" branch="False" />
                <line number="60" hits="0" branch="False" />
                <line number="61" hits="0" branch="False" />
                <line number="62" hits="0" branch="False" />
                <line number="64" hits="1" branch="False" />
              </lines>
            </method>
          </methods>
          <lines>
            <line number="52" hits="1" branch="False" />
            <line number="54" hits="1" branch="False" />
            <line number="55" hits="1" branch="False" />
            <line number="56" hits="1" branch="False" />
            <line number="57" hits="1" branch="False" />
            <line number="59" hits="0" branch="False" />
            <line number="60" hits="0" branch="False" />
            <line number="61" hits="0" branch="False" />
            <line number="62" hits="0" branch="False" />
            <line number="64" hits="1" branch="False" />
          </lines>
        </class>
        <class name="EcommerceApp.Application.Services.ProductService/&lt;DeleteAsync&gt;d__8" filename="modernize-data/studio-data/TNT1001/APP2719/transformed-code/858/studio-workspace/Ecommerce-component/src/EcommerceApp.Application/Services/ProductService.cs" line-rate="0.5555" branch-rate="1" complexity="1">
          <methods>
            <method name="MoveNext" signature="()" line-rate="0.5555" branch-rate="1" complexity="1">
              <lines>
                <line number="88" hits="1" branch="False" />
                <line number="90" hits="1" branch="False" />
                <line number="91" hits="1" branch="False" />
                <line number="92" hits="1" branch="False" />
                <line number="93" hits="0" branch="False" />
                <line number="94" hits="0" branch="False" />
                <line number="95" hits="0" branch="False" />
                <line number="96" hits="0" branch="False" />
                <line number="98" hits="1" branch="False" />
              </lines>
            </method>
          </methods>
          <lines>
            <line number="88" hits="1" branch="False" />
            <line number="90" hits="1" branch="False" />
            <line number="91" hits="1" branch="False" />
            <line number="92" hits="1" branch="False" />
            <line number="93" hits="0" branch="False" />
            <line number="94" hits="0" branch="False" />
            <line number="95" hits="0" branch="False" />
            <line number="96" hits="0" branch="False" />
            <line number="98" hits="1" branch="False" />
          </lines>
        </class>
        <class name="EcommerceApp.Application.Services.ProductService/&lt;GetAllAsync&gt;d__4" filename="modernize-data/studio-data/TNT1001/APP2719/transformed-code/858/studio-workspace/Ecommerce-component/src/EcommerceApp.Application/Services/ProductService.cs" line-rate="0.5555" branch-rate="1" complexity="1">
          <methods>
            <method name="MoveNext" signature="()" line-rate="0.5555" branch-rate="1" complexity="1">
              <lines>
                <line number="24" hits="1" branch="False" />
                <line number="26" hits="1" branch="False" />
                <line number="27" hits="1" branch="False" />
                <line number="28" hits="1" branch="False" />
                <line number="30" hits="0" branch="False" />
                <line number="31" hits="0" branch="False" />
                <line number="32" hits="0" branch="False" />
                <line number="33" hits="0" branch="False" />
                <line number="35" hits="1" branch="False" />
              </lines>
            </method>
          </methods>
          <lines>
            <line number="24" hits="1" branch="False" />
            <line number="26" hits="1" branch="False" />
            <line number="27" hits="1" branch="False" />
            <line number="28" hits="1" branch="False" />
            <line number="30" hits="0" branch="False" />
            <line number="31" hits="0" branch="False" />
            <line number="32" hits="0" branch="False" />
            <line number="33" hits="0" branch="False" />
            <line number="35" hits="1" branch="False" />
          </lines>
        </class>
        <class name="EcommerceApp.Application.Services.ProductService/&lt;GetByCategoryAsync&gt;d__10" filename="modernize-data/studio-data/TNT1001/APP2719/transformed-code/858/studio-workspace/Ecommerce-component/src/EcommerceApp.Application/Services/ProductService.cs" line-rate="0.5555" branch-rate="1" complexity="1">
          <methods>
            <method name="MoveNext" signature="()" line-rate="0.5555" branch-rate="1" complexity="1">
              <lines>
                <line number="115" hits="1" branch="False" />
                <line number="117" hits="1" branch="False" />
                <line number="118" hits="1" branch="False" />
                <line number="119" hits="1" branch="False" />
                <line number="121" hits="0" branch="False" />
                <line number="122" hits="0" branch="False" />
                <line number="123" hits="0" branch="False" />
                <line number="124" hits="0" branch="False" />
                <line number="126" hits="1" branch="False" />
              </lines>
            </method>
          </methods>
          <lines>
            <line number="115" hits="1" branch="False" />
            <line number="117" hits="1" branch="False" />
            <line number="118" hits="1" branch="False" />
            <line number="119" hits="1" branch="False" />
            <line number="121" hits="0" branch="False" />
            <line number="122" hits="0" branch="False" />
            <line number="123" hits="0" branch="False" />
            <line number="124" hits="0" branch="False" />
            <line number="126" hits="1" branch="False" />
          </lines>
        </class>
        <class name="EcommerceApp.Application.Services.ProductService/&lt;GetByIdAsync&gt;d__5" filename="modernize-data/studio-data/TNT1001/APP2719/transformed-code/858/studio-workspace/Ecommerce-component/src/EcommerceApp.Application/Services/ProductService.cs" line-rate="0.5555" branch-rate="1" complexity="2">
          <methods>
            <method name="MoveNext" signature="()" line-rate="0.5555" branch-rate="1" complexity="2">
              <lines>
                <line number="38" hits="2" branch="False" />
                <line number="40" hits="2" branch="False" />
                <line number="41" hits="2" branch="False" />
                <line number="42" hits="2" branch="True" condition-coverage="100% (2/2)">
                  <conditions>
                    <condition number="172" type="jump" coverage="100%" />
                  </conditions>
                </line>
                <line number="44" hits="0" branch="False" />
                <line number="45" hits="0" branch="False" />
                <line number="46" hits="0" branch="False" />
                <line number="47" hits="0" branch="False" />
                <line number="49" hits="2" branch="False" />
              </lines>
            </method>
          </methods>
          <lines>
            <line number="38" hits="2" branch="False" />
            <line number="40" hits="2" branch="False" />
            <line number="41" hits="2" branch="False" />
            <line number="42" hits="2" branch="True" condition-coverage="100% (2/2)">
              <conditions>
                <condition number="172" type="jump" coverage="100%" />
              </conditions>
            </line>
            <line number="44" hits="0" branch="False" />
            <line number="45" hits="0" branch="False" />
            <line number="46" hits="0" branch="False" />
            <line number="47" hits="0" branch="False" />
            <line number="49" hits="2" branch="False" />
          </lines>
        </class>
        <class name="EcommerceApp.Application.Services.ProductService/&lt;SearchAsync&gt;d__9" filename="modernize-data/studio-data/TNT1001/APP2719/transformed-code/858/studio-workspace/Ecommerce-component/src/EcommerceApp.Application/Services/ProductService.cs" line-rate="0.5555" branch-rate="1" complexity="1">
          <methods>
            <method name="MoveNext" signature="()" line-rate="0.5555" branch-rate="1" complexity="1">
              <lines>
                <line number="101" hits="1" branch="False" />
                <line number="103" hits="1" branch="False" />
                <line number="104" hits="1" branch="False" />
                <line number="105" hits="1" branch="False" />
                <line number="107" hits="0" branch="False" />
                <line number="108" hits="0" branch="False" />
                <line number="109" hits="0" branch="False" />
                <line number="110" hits="0" branch="False" />
                <line number="112" hits="1" branch="False" />
              </lines>
            </method>
          </methods>
          <lines>
            <line number="101" hits="1" branch="False" />
            <line number="103" hits="1" branch="False" />
            <line number="104" hits="1" branch="False" />
            <line number="105" hits="1" branch="False" />
            <line number="107" hits="0" branch="False" />
            <line number="108" hits="0" branch="False" />
            <line number="109" hits="0" branch="False" />
            <line number="110" hits="0" branch="False" />
            <line number="112" hits="1" branch="False" />
          </lines>
        </class>
        <class name="EcommerceApp.Application.Services.ProductService/&lt;UpdateAsync&gt;d__7" filename="modernize-data/studio-data/TNT1001/APP2719/transformed-code/858/studio-workspace/Ecommerce-component/src/EcommerceApp.Application/Services/ProductService.cs" line-rate="1" branch-rate="1" complexity="2">
          <methods>
            <method name="MoveNext" signature="()" line-rate="1" branch-rate="1" complexity="2">
              <lines>
                <line number="67" hits="2" branch="False" />
                <line number="69" hits="2" branch="False" />
                <line number="70" hits="2" branch="False" />
                <line number="71" hits="2" branch="True" condition-coverage="100% (2/2)">
                  <conditions>
                    <condition number="189" type="jump" coverage="100%" />
                  </conditions>
                </line>
                <line number="72" hits="1" branch="False" />
                <line number="73" hits="1" branch="False" />
                <line number="76" hits="1" branch="False" />
                <line number="77" hits="1" branch="False" />
                <line number="78" hits="1" branch="False" />
                <line number="79" hits="1" branch="False" />
                <line number="80" hits="1" branch="False" />
                <line number="81" hits="1" branch="False" />
                <line number="82" hits="1" branch="False" />
                <line number="83" hits="1" branch="False" />
                <line number="85" hits="1" branch="False" />
              </lines>
            </method>
          </methods>
          <lines>
            <line number="67" hits="2" branch="False" />
            <line number="69" hits="2" branch="False" />
            <line number="70" hits="2" branch="False" />
            <line number="71" hits="2" branch="True" condition-coverage="100% (2/2)">
              <conditions>
                <condition number="189" type="jump" coverage="100%" />
              </conditions>
            </line>
            <line number="72" hits="1" branch="False" />
            <line number="73" hits="1" branch="False" />
            <line number="76" hits="1" branch="False" />
            <line number="77" hits="1" branch="False" />
            <line number="78" hits="1" branch="False" />
            <line number="79" hits="1" branch="False" />
            <line number="80" hits="1" branch="False" />
            <line number="81" hits="1" branch="False" />
            <line number="82" hits="1" branch="False" />
            <line number="83" hits="1" branch="False" />
            <line number="85" hits="1" branch="False" />
          </lines>
        </class>
        <class name="EcommerceApp.Application.Mappings.MappingProfile" filename="modernize-data/studio-data/TNT1001/APP2719/transformed-code/858/studio-workspace/Ecommerce-component/src/EcommerceApp.Application/Mappings/MappingProfile.cs" line-rate="1" branch-rate="1" complexity="1">
          <methods>
            <method name=".ctor" signature="()" line-rate="1" branch-rate="1" complexity="1">
              <lines>
                <line number="9" hits="8" branch="False" />
                <line number="10" hits="8" branch="False" />
                <line number="12" hits="8" branch="False" />
                <line number="13" hits="8" branch="False" />
                <line number="14" hits="8" branch="False" />
                <line number="15" hits="8" branch="False" />
                <line number="16" hits="8" branch="False" />
                <line number="17" hits="8" branch="False" />
                <line number="18" hits="8" branch="False" />
                <line number="19" hits="16" branch="False" />
                <line number="20" hits="8" branch="False" />
                <line number="21" hits="8" branch="False" />
                <line number="22" hits="8" branch="False" />
                <line number="23" hits="8" branch="False" />
                <line number="24" hits="8" branch="False" />
                <line number="25" hits="16" branch="False" />
                <line number="28" hits="8" branch="False" />
                <line number="29" hits="8" branch="False" />
                <line number="30" hits="8" branch="False" />
                <line number="31" hits="16" branch="False" />
                <line number="32" hits="8" branch="False" />
                <line number="33" hits="8" branch="False" />
                <line number="34" hits="8" branch="False" />
                <line number="35" hits="8" branch="False" />
                <line number="36" hits="8" branch="False" />
                <line number="37" hits="8" branch="False" />
                <line number="38" hits="8" branch="False" />
                <line number="39" hits="8" branch="False" />
                <line number="40" hits="8" branch="False" />
                <line number="41" hits="16" branch="False" />
                <line number="42" hits="8" branch="False" />
                <line number="43" hits="8" branch="False" />
                <line number="44" hits="8" branch="False" />
                <line number="45" hits="8" branch="False" />
                <line number="46" hits="8" branch="False" />
                <line number="47" hits="8" branch="False" />
                <line number="48" hits="8" branch="False" />
                <line number="49" hits="8" branch="False" />
                <line number="50" hits="16" branch="False" />
                <line number="53" hits="8" branch="False" />
                <line number="54" hits="8" branch="False" />
                <line number="55" hits="8" branch="False" />
                <line number="56" hits="8" branch="False" />
                <line number="57" hits="8" branch="False" />
                <line number="58" hits="8" branch="False" />
                <line number="59" hits="16" branch="False" />
                <line number="60" hits="8" branch="False" />
                <line number="61" hits="8" branch="False" />
                <line number="62" hits="8" branch="False" />
                <line number="63" hits="8" branch="False" />
                <line number="64" hits="8" branch="False" />
                <line number="65" hits="8" branch="False" />
                <line number="66" hits="8" branch="False" />
                <line number="67" hits="16" branch="False" />
                <line number="68" hits="8" branch="False" />
              </lines>
            </method>
          </methods>
          <lines>
            <line number="9" hits="8" branch="False" />
            <line number="10" hits="8" branch="False" />
            <line number="12" hits="8" branch="False" />
            <line number="13" hits="8" branch="False" />
            <line number="14" hits="8" branch="False" />
            <line number="15" hits="8" branch="False" />
            <line number="16" hits="8" branch="False" />
            <line number="17" hits="8" branch="False" />
            <line number="18" hits="8" branch="False" />
            <line number="19" hits="16" branch="False" />
            <line number="20" hits="8" branch="False" />
            <line number="21" hits="8" branch="False" />
            <line number="22" hits="8" branch="False" />
            <line number="23" hits="8" branch="False" />
            <line number="24" hits="8" branch="False" />
            <line number="25" hits="16" branch="False" />
            <line number="28" hits="8" branch="False" />
            <line number="29" hits="8" branch="False" />
            <line number="30" hits="8" branch="False" />
            <line number="31" hits="16" branch="False" />
            <line number="32" hits="8" branch="False" />
            <line number="33" hits="8" branch="False" />
            <line number="34" hits="8" branch="False" />
            <line number="35" hits="8" branch="False" />
            <line number="36" hits="8" branch="False" />
            <line number="37" hits="8" branch="False" />
            <line number="38" hits="8" branch="False" />
            <line number="39" hits="8" branch="False" />
            <line number="40" hits="8" branch="False" />
            <line number="41" hits="16" branch="False" />
            <line number="42" hits="8" branch="False" />
            <line number="43" hits="8" branch="False" />
            <line number="44" hits="8" branch="False" />
            <line number="45" hits="8" branch="False" />
            <line number="46" hits="8" branch="False" />
            <line number="47" hits="8" branch="False" />
            <line number="48" hits="8" branch="False" />
            <line number="49" hits="8" branch="False" />
            <line number="50" hits="16" branch="False" />
            <line number="53" hits="8" branch="False" />
            <line number="54" hits="8" branch="False" />
            <line number="55" hits="8" branch="False" />
            <line number="56" hits="8" branch="False" />
            <line number="57" hits="8" branch="False" />
            <line number="58" hits="8" branch="False" />
            <line number="59" hits="16" branch="False" />
            <line number="60" hits="8" branch="False" />
            <line number="61" hits="8" branch="False" />
            <line number="62" hits="8" branch="False" />
            <line number="63" hits="8" branch="False" />
            <line number="64" hits="8" branch="False" />
            <line number="65" hits="8" branch="False" />
            <line number="66" hits="8" branch="False" />
            <line number="67" hits="16" branch="False" />
            <line number="68" hits="8" branch="False" />
          </lines>
        </class>
        <class name="EcommerceApp.Application.DTOs.CategoryDto" filename="modernize-data/studio-data/TNT1001/APP2719/transformed-code/858/studio-workspace/Ecommerce-component/src/EcommerceApp.Application/DTOs/CategoryDto.cs" line-rate="1" branch-rate="1" complexity="4">
          <methods>
            <method name="get_Id" signature="()" line-rate="1" branch-rate="1" complexity="1">
              <lines>
                <line number="5" hits="25" branch="False" />
              </lines>
            </method>
            <method name="get_Name" signature="()" line-rate="1" branch-rate="1" complexity="1">
              <lines>
                <line number="6" hits="35" branch="False" />
              </lines>
            </method>
            <method name="get_Description" signature="()" line-rate="1" branch-rate="1" complexity="1">
              <lines>
                <line number="7" hits="9" branch="False" />
              </lines>
            </method>
            <method name="get_IsActive" signature="()" line-rate="1" branch-rate="1" complexity="1">
              <lines>
                <line number="8" hits="7" branch="False" />
              </lines>
            </method>
          </methods>
          <lines>
            <line number="5" hits="25" branch="False" />
            <line number="6" hits="35" branch="False" />
            <line number="7" hits="9" branch="False" />
            <line number="8" hits="7" branch="False" />
          </lines>
        </class>
        <class name="EcommerceApp.Application.DTOs.CategoryCreateDto" filename="modernize-data/studio-data/TNT1001/APP2719/transformed-code/858/studio-workspace/Ecommerce-component/src/EcommerceApp.Application/DTOs/CategoryDto.cs" line-rate="1" branch-rate="1" complexity="3">
          <methods>
            <method name="get_Name" signature="()" line-rate="1" branch-rate="1" complexity="1">
              <lines>
                <line number="13" hits="14" branch="False" />
              </lines>
            </method>
            <method name="get_Description" signature="()" line-rate="1" branch-rate="1" complexity="1">
              <lines>
                <line number="14" hits="7" branch="False" />
              </lines>
            </method>
            <method name="get_CreatedBy" signature="()" line-rate="1" branch-rate="1" complexity="1">
              <lines>
                <line number="15" hits="13" branch="False" />
              </lines>
            </method>
          </methods>
          <lines>
            <line number="13" hits="14" branch="False" />
            <line number="14" hits="7" branch="False" />
            <line number="15" hits="13" branch="False" />
          </lines>
        </class>
        <class name="EcommerceApp.Application.DTOs.CategoryUpdateDto" filename="modernize-data/studio-data/TNT1001/APP2719/transformed-code/858/studio-workspace/Ecommerce-component/src/EcommerceApp.Application/DTOs/CategoryDto.cs" line-rate="1" branch-rate="1" complexity="4">
          <methods>
            <method name="get_Name" signature="()" line-rate="1" branch-rate="1" complexity="1">
              <lines>
                <line number="20" hits="13" branch="False" />
              </lines>
            </method>
            <method name="get_Description" signature="()" line-rate="1" branch-rate="1" complexity="1">
              <lines>
                <line number="21" hits="5" branch="False" />
              </lines>
            </method>
            <method name="get_IsActive" signature="()" line-rate="1" branch-rate="1" complexity="1">
              <lines>
                <line number="22" hits="5" branch="False" />
              </lines>
            </method>
            <method name="get_ModifiedBy" signature="()" line-rate="1" branch-rate="1" complexity="1">
              <lines>
                <line number="23" hits="11" branch="False" />
              </lines>
            </method>
          </methods>
          <lines>
            <line number="20" hits="13" branch="False" />
            <line number="21" hits="5" branch="False" />
            <line number="22" hits="5" branch="False" />
            <line number="23" hits="11" branch="False" />
          </lines>
        </class>
        <class name="EcommerceApp.Application.DTOs.PersonDto" filename="modernize-data/studio-data/TNT1001/APP2719/transformed-code/858/studio-workspace/Ecommerce-component/src/EcommerceApp.Application/DTOs/PersonDto.cs" line-rate="1" branch-rate="1" complexity="7">
          <methods>
            <method name="get_Dni" signature="()" line-rate="1" branch-rate="1" complexity="1">
              <lines>
                <line number="5" hits="8" branch="False" />
              </lines>
            </method>
            <method name="get_FirstName" signature="()" line-rate="1" branch-rate="1" complexity="1">
              <lines>
                <line number="6" hits="8" branch="False" />
              </lines>
            </method>
            <method name="get_LastName" signature="()" line-rate="1" branch-rate="1" complexity="1">
              <lines>
                <line number="7" hits="8" branch="False" />
              </lines>
            </method>
            <method name="get_Phone" signature="()" line-rate="1" branch-rate="1" complexity="1">
              <lines>
                <line number="8" hits="8" branch="False" />
              </lines>
            </method>
            <method name="get_Email" signature="()" line-rate="1" branch-rate="1" complexity="1">
              <lines>
                <line number="9" hits="8" branch="False" />
              </lines>
            </method>
            <method name="get_IsAdmin" signature="()" line-rate="1" branch-rate="1" complexity="1">
              <lines>
                <line number="10" hits="5" branch="False" />
              </lines>
            </method>
            <method name="get_IsActive" signature="()" line-rate="1" branch-rate="1" complexity="1">
              <lines>
                <line number="11" hits="5" branch="False" />
              </lines>
            </method>
          </methods>
          <lines>
            <line number="5" hits="8" branch="False" />
            <line number="6" hits="8" branch="False" />
            <line number="7" hits="8" branch="False" />
            <line number="8" hits="8" branch="False" />
            <line number="9" hits="8" branch="False" />
            <line number="10" hits="5" branch="False" />
            <line number="11" hits="5" branch="False" />
          </lines>
        </class>
        <class name="EcommerceApp.Application.DTOs.PersonCreateDto" filename="modernize-data/studio-data/TNT1001/APP2719/transformed-code/858/studio-workspace/Ecommerce-component/src/EcommerceApp.Application/DTOs/PersonDto.cs" line-rate="1" branch-rate="1" complexity="8">
          <methods>
            <method name="get_Dni" signature="()" line-rate="1" branch-rate="1" complexity="1">
              <lines>
                <line number="16" hits="8" branch="False" />
              </lines>
            </method>
            <method name="get_FirstName" signature="()" line-rate="1" branch-rate="1" complexity="1">
              <lines>
                <line number="17" hits="8" branch="False" />
              </lines>
            </method>
            <method name="get_LastName" signature="()" line-rate="1" branch-rate="1" complexity="1">
              <lines>
                <line number="18" hits="8" branch="False" />
              </lines>
            </method>
            <method name="get_Password" signature="()" line-rate="1" branch-rate="1" complexity="1">
              <lines>
                <line number="19" hits="8" branch="False" />
              </lines>
            </method>
            <method name="get_Phone" signature="()" line-rate="1" branch-rate="1" complexity="1">
              <lines>
                <line number="20" hits="8" branch="False" />
              </lines>
            </method>
            <method name="get_Email" signature="()" line-rate="1" branch-rate="1" complexity="1">
              <lines>
                <line number="21" hits="8" branch="False" />
              </lines>
            </method>
            <method name="get_IsAdmin" signature="()" line-rate="1" branch-rate="1" complexity="1">
              <lines>
                <line number="22" hits="5" branch="False" />
              </lines>
            </method>
            <method name="get_CreatedBy" signature="()" line-rate="1" branch-rate="1" complexity="1">
              <lines>
                <line number="23" hits="8" branch="False" />
              </lines>
            </method>
          </methods>
          <lines>
            <line number="16" hits="8" branch="False" />
            <line number="17" hits="8" branch="False" />
            <line number="18" hits="8" branch="False" />
            <line number="19" hits="8" branch="False" />
            <line number="20" hits="8" branch="False" />
            <line number="21" hits="8" branch="False" />
            <line number="22" hits="5" branch="False" />
            <line number="23" hits="8" branch="False" />
          </lines>
        </class>
        <class name="EcommerceApp.Application.DTOs.PersonUpdateDto" filename="modernize-data/studio-data/TNT1001/APP2719/transformed-code/858/studio-workspace/Ecommerce-component/src/EcommerceApp.Application/DTOs/PersonDto.cs" line-rate="1" branch-rate="1" complexity="6">
          <methods>
            <method name="get_FirstName" signature="()" line-rate="1" branch-rate="1" complexity="1">
              <lines>
                <line number="28" hits="5" branch="False" />
              </lines>
            </method>
            <method name="get_LastName" signature="()" line-rate="1" branch-rate="1" complexity="1">
              <lines>
                <line number="29" hits="5" branch="False" />
              </lines>
            </method>
            <method name="get_Phone" signature="()" line-rate="1" branch-rate="1" complexity="1">
              <lines>
                <line number="30" hits="5" branch="False" />
              </lines>
            </method>
            <method name="get_Email" signature="()" line-rate="1" branch-rate="1" complexity="1">
              <lines>
                <line number="31" hits="5" branch="False" />
              </lines>
            </method>
            <method name="get_IsActive" signature="()" line-rate="1" branch-rate="1" complexity="1">
              <lines>
                <line number="32" hits="3" branch="False" />
              </lines>
            </method>
            <method name="get_ModifiedBy" signature="()" line-rate="1" branch-rate="1" complexity="1">
              <lines>
                <line number="33" hits="5" branch="False" />
              </lines>
            </method>
          </methods>
          <lines>
            <line number="28" hits="5" branch="False" />
            <line number="29" hits="5" branch="False" />
            <line number="30" hits="5" branch="False" />
            <line number="31" hits="5" branch="False" />
            <line number="32" hits="3" branch="False" />
            <line number="33" hits="5" branch="False" />
          </lines>
        </class>
        <class name="EcommerceApp.Application.DTOs.ProductDto" filename="modernize-data/studio-data/TNT1001/APP2719/transformed-code/858/studio-workspace/Ecommerce-component/src/EcommerceApp.Application/DTOs/ProductDto.cs" line-rate="1" branch-rate="1" complexity="13">
          <methods>
            <method name="get_Id" signature="()" line-rate="1" branch-rate="1" complexity="1">
              <lines>
                <line number="5" hits="14" branch="False" />
              </lines>
            </method>
            <method name="get_Name" signature="()" line-rate="1" branch-rate="1" complexity="1">
              <lines>
                <line number="6" hits="23" branch="False" />
              </lines>
            </method>
            <method name="get_Description" signature="()" line-rate="1" branch-rate="1" complexity="1">
              <lines>
                <line number="7" hits="4" branch="False" />
              </lines>
            </method>
            <method name="get_Price" signature="()" line-rate="1" branch-rate="1" complexity="1">
              <lines>
                <line number="8" hits="6" branch="False" />
              </lines>
            </method>
            <method name="get_Stock" signature="()" line-rate="1" branch-rate="1" complexity="1">
              <lines>
                <line number="9" hits="5" branch="False" />
              </lines>
            </method>
            <method name="get_ImageUrl" signature="()" line-rate="1" branch-rate="1" complexity="1">
              <lines>
                <line number="10" hits="4" branch="False" />
              </lines>
            </method>
            <method name="get_CategoryId" signature="()" line-rate="1" branch-rate="1" complexity="1">
              <lines>
                <line number="11" hits="5" branch="False" />
              </lines>
            </method>
            <method name="get_CategoryName" signature="()" line-rate="1" branch-rate="1" complexity="1">
              <lines>
                <line number="12" hits="15" branch="False" />
              </lines>
            </method>
            <method name="get_BrandId" signature="()" line-rate="1" branch-rate="1" complexity="1">
              <lines>
                <line number="13" hits="4" branch="False" />
              </lines>
            </method>
            <method name="get_BrandName" signature="()" line-rate="1" branch-rate="1" complexity="1">
              <lines>
                <line number="14" hits="15" branch="False" />
              </lines>
            </method>
            <method name="get_SupplierId" signature="()" line-rate="1" branch-rate="1" complexity="1">
              <lines>
                <line number="15" hits="4" branch="False" />
              </lines>
            </method>
            <method name="get_SupplierName" signature="()" line-rate="1" branch-rate="1" complexity="1">
              <lines>
                <line number="16" hits="15" branch="False" />
              </lines>
            </method>
            <method name="get_IsActive" signature="()" line-rate="1" branch-rate="1" complexity="1">
              <lines>
                <line number="17" hits="4" branch="False" />
              </lines>
            </method>
          </methods>
          <lines>
            <line number="5" hits="14" branch="False" />
            <line number="6" hits="23" branch="False" />
            <line number="7" hits="4" branch="False" />
            <line number="8" hits="6" branch="False" />
            <line number="9" hits="5" branch="False" />
            <line number="10" hits="4" branch="False" />
            <line number="11" hits="5" branch="False" />
            <line number="12" hits="15" branch="False" />
            <line number="13" hits="4" branch="False" />
            <line number="14" hits="15" branch="False" />
            <line number="15" hits="4" branch="False" />
            <line number="16" hits="15" branch="False" />
            <line number="17" hits="4" branch="False" />
          </lines>
        </class>
        <class name="EcommerceApp.Application.DTOs.ProductCreateDto" filename="modernize-data/studio-data/TNT1001/APP2719/transformed-code/858/studio-workspace/Ecommerce-component/src/EcommerceApp.Application/DTOs/ProductDto.cs" line-rate="1" branch-rate="1" complexity="9">
          <methods>
            <method name="get_Name" signature="()" line-rate="1" branch-rate="1" complexity="1">
              <lines>
                <line number="22" hits="10" branch="False" />
              </lines>
            </method>
            <method name="get_Description" signature="()" line-rate="1" branch-rate="1" complexity="1">
              <lines>
                <line number="23" hits="4" branch="False" />
              </lines>
            </method>
            <method name="get_Price" signature="()" line-rate="1" branch-rate="1" complexity="1">
              <lines>
                <line number="24" hits="6" branch="False" />
              </lines>
            </method>
            <method name="get_Stock" signature="()" line-rate="1" branch-rate="1" complexity="1">
              <lines>
                <line number="25" hits="5" branch="False" />
              </lines>
            </method>
            <method name="get_ImageUrl" signature="()" line-rate="1" branch-rate="1" complexity="1">
              <lines>
                <line number="26" hits="4" branch="False" />
              </lines>
            </method>
            <method name="get_CategoryId" signature="()" line-rate="1" branch-rate="1" complexity="1">
              <lines>
                <line number="27" hits="5" branch="False" />
              </lines>
            </method>
            <method name="get_BrandId" signature="()" line-rate="1" branch-rate="1" complexity="1">
              <lines>
                <line number="28" hits="5" branch="False" />
              </lines>
            </method>
            <method name="get_SupplierId" signature="()" line-rate="1" branch-rate="1" complexity="1">
              <lines>
                <line number="29" hits="5" branch="False" />
              </lines>
            </method>
            <method name="get_CreatedBy" signature="()" line-rate="1" branch-rate="1" complexity="1">
              <lines>
                <line number="30" hits="9" branch="False" />
              </lines>
            </method>
          </methods>
          <lines>
            <line number="22" hits="10" branch="False" />
            <line number="23" hits="4" branch="False" />
            <line number="24" hits="6" branch="False" />
            <line number="25" hits="5" branch="False" />
            <line number="26" hits="4" branch="False" />
            <line number="27" hits="5" branch="False" />
            <line number="28" hits="5" branch="False" />
            <line number="29" hits="5" branch="False" />
            <line number="30" hits="9" branch="False" />
          </lines>
        </class>
        <class name="EcommerceApp.Application.DTOs.ProductUpdateDto" filename="modernize-data/studio-data/TNT1001/APP2719/transformed-code/858/studio-workspace/Ecommerce-component/src/EcommerceApp.Application/DTOs/ProductDto.cs" line-rate="1" branch-rate="1" complexity="10">
          <methods>
            <method name="get_Name" signature="()" line-rate="1" branch-rate="1" complexity="1">
              <lines>
                <line number="35" hits="9" branch="False" />
              </lines>
            </method>
            <method name="get_Description" signature="()" line-rate="1" branch-rate="1" complexity="1">
              <lines>
                <line number="36" hits="3" branch="False" />
              </lines>
            </method>
            <method name="get_Price" signature="()" line-rate="1" branch-rate="1" complexity="1">
              <lines>
                <line number="37" hits="4" branch="False" />
              </lines>
            </method>
            <method name="get_Stock" signature="()" line-rate="1" branch-rate="1" complexity="1">
              <lines>
                <line number="38" hits="3" branch="False" />
              </lines>
            </method>
            <method name="get_ImageUrl" signature="()" line-rate="1" branch-rate="1" complexity="1">
              <lines>
                <line number="39" hits="3" branch="False" />
              </lines>
            </method>
            <method name="get_CategoryId" signature="()" line-rate="1" branch-rate="1" complexity="1">
              <lines>
                <line number="40" hits="3" branch="False" />
              </lines>
            </method>
            <method name="get_BrandId" signature="()" line-rate="1" branch-rate="1" complexity="1">
              <lines>
                <line number="41" hits="3" branch="False" />
              </lines>
            </method>
            <method name="get_SupplierId" signature="()" line-rate="1" branch-rate="1" complexity="1">
              <lines>
                <line number="42" hits="3" branch="False" />
              </lines>
            </method>
            <method name="get_IsActive" signature="()" line-rate="1" branch-rate="1" complexity="1">
              <lines>
                <line number="43" hits="3" branch="False" />
              </lines>
            </method>
            <method name="get_ModifiedBy" signature="()" line-rate="1" branch-rate="1" complexity="1">
              <lines>
                <line number="44" hits="7" branch="False" />
              </lines>
            </method>
          </methods>
          <lines>
            <line number="35" hits="9" branch="False" />
            <line number="36" hits="3" branch="False" />
            <line number="37" hits="4" branch="False" />
            <line number="38" hits="3" branch="False" />
            <line number="39" hits="3" branch="False" />
            <line number="40" hits="3" branch="False" />
            <line number="41" hits="3" branch="False" />
            <line number="42" hits="3" branch="False" />
            <line number="43" hits="3" branch="False" />
            <line number="44" hits="7" branch="False" />
          </lines>
        </class>
      </classes>
    </package>
    <package name="EcommerceApp.Domain" line-rate="0.9913" branch-rate="1" complexity="115">
      <classes>
        <class name="AutoGeneratedProgram" filename="home/studioai/.nuget/packages/microsoft.net.test.sdk/17.8.0/build/netcoreapp3.1/Microsoft.NET.Test.Sdk.Program.cs" line-rate="0" branch-rate="1" complexity="1">
          <methods>
            <method name="Main" signature="(System.String[])" line-rate="0" branch-rate="1" complexity="1">
              <lines>
                <line number="4" hits="0" branch="False" />
              </lines>
            </method>
          </methods>
          <lines>
            <line number="4" hits="0" branch="False" />
          </lines>
        </class>
        <class name="EcommerceApp.Domain.Entities.Brand" filename="modernize-data/studio-data/TNT1001/APP2719/transformed-code/858/studio-workspace/Ecommerce-component/src/EcommerceApp.Domain/Entities/Brand.cs" line-rate="1" branch-rate="1" complexity="9">
          <methods>
            <method name="get_Id" signature="()" line-rate="1" branch-rate="1" complexity="1">
              <lines>
                <line number="8" hits="12" branch="False" />
              </lines>
            </method>
            <method name="get_Name" signature="()" line-rate="1" branch-rate="1" complexity="1">
              <lines>
                <line number="9" hits="38" branch="False" />
              </lines>
            </method>
            <method name="get_Description" signature="()" line-rate="1" branch-rate="1" complexity="1">
              <lines>
                <line number="10" hits="5" branch="False" />
              </lines>
            </method>
            <method name="get_IsActive" signature="()" line-rate="1" branch-rate="1" complexity="1">
              <lines>
                <line number="11" hits="34" branch="False" />
              </lines>
            </method>
            <method name="get_CreatedDate" signature="()" line-rate="1" branch-rate="1" complexity="1">
              <lines>
                <line number="12" hits="25" branch="False" />
              </lines>
            </method>
            <method name="get_ModifiedDate" signature="()" line-rate="1" branch-rate="1" complexity="1">
              <lines>
                <line number="13" hits="4" branch="False" />
              </lines>
            </method>
            <method name="get_CreatedBy" signature="()" line-rate="1" branch-rate="1" complexity="1">
              <lines>
                <line number="14" hits="26" branch="False" />
              </lines>
            </method>
            <method name="get_ModifiedBy" signature="()" line-rate="1" branch-rate="1" complexity="1">
              <lines>
                <line number="15" hits="4" branch="False" />
              </lines>
            </method>
            <method name="get_Products" signature="()" line-rate="1" branch-rate="1" complexity="1">
              <lines>
                <line number="17" hits="31" branch="False" />
              </lines>
            </method>
          </methods>
          <lines>
            <line number="8" hits="12" branch="False" />
            <line number="9" hits="38" branch="False" />
            <line number="10" hits="5" branch="False" />
            <line number="11" hits="34" branch="False" />
            <line number="12" hits="25" branch="False" />
            <line number="13" hits="4" branch="False" />
            <line number="14" hits="26" branch="False" />
            <line number="15" hits="4" branch="False" />
            <line number="17" hits="31" branch="False" />
          </lines>
        </class>
        <class name="EcommerceApp.Domain.Entities.Category" filename="modernize-data/studio-data/TNT1001/APP2719/transformed-code/858/studio-workspace/Ecommerce-component/src/EcommerceApp.Domain/Entities/Category.cs" line-rate="1" branch-rate="1" complexity="9">
          <methods>
            <method name="get_Id" signature="()" line-rate="1" branch-rate="1" complexity="1">
              <lines>
                <line number="8" hits="30" branch="False" />
              </lines>
            </method>
            <method name="get_Name" signature="()" line-rate="1" branch-rate="1" complexity="1">
              <lines>
                <line number="9" hits="84" branch="False" />
              </lines>
            </method>
            <method name="get_Description" signature="()" line-rate="1" branch-rate="1" complexity="1">
              <lines>
                <line number="10" hits="11" branch="False" />
              </lines>
            </method>
            <method name="get_IsActive" signature="()" line-rate="1" branch-rate="1" complexity="1">
              <lines>
                <line number="11" hits="71" branch="False" />
              </lines>
            </method>
            <method name="get_CreatedDate" signature="()" line-rate="1" branch-rate="1" complexity="1">
              <lines>
                <line number="12" hits="48" branch="False" />
              </lines>
            </method>
            <method name="get_ModifiedDate" signature="()" line-rate="1" branch-rate="1" complexity="1">
              <lines>
                <line number="13" hits="4" branch="False" />
              </lines>
            </method>
            <method name="get_CreatedBy" signature="()" line-rate="1" branch-rate="1" complexity="1">
              <lines>
                <line number="14" hits="50" branch="False" />
              </lines>
            </method>
            <method name="get_ModifiedBy" signature="()" line-rate="1" branch-rate="1" complexity="1">
              <lines>
                <line number="15" hits="4" branch="False" />
              </lines>
            </method>
            <method name="get_Products" signature="()" line-rate="1" branch-rate="1" complexity="1">
              <lines>
                <line number="17" hits="53" branch="False" />
              </lines>
            </method>
          </methods>
          <lines>
            <line number="8" hits="30" branch="False" />
            <line number="9" hits="84" branch="False" />
            <line number="10" hits="11" branch="False" />
            <line number="11" hits="71" branch="False" />
            <line number="12" hits="48" branch="False" />
            <line number="13" hits="4" branch="False" />
            <line number="14" hits="50" branch="False" />
            <line number="15" hits="4" branch="False" />
            <line number="17" hits="53" branch="False" />
          </lines>
        </class>
        <class name="EcommerceApp.Domain.Entities.City" filename="modernize-data/studio-data/TNT1001/APP2719/transformed-code/858/studio-workspace/Ecommerce-component/src/EcommerceApp.Domain/Entities/City.cs" line-rate="1" branch-rate="1" complexity="10">
          <methods>
            <method name="get_Id" signature="()" line-rate="1" branch-rate="1" complexity="1">
              <lines>
                <line number="8" hits="8" branch="False" />
              </lines>
            </method>
            <method name="get_Name" signature="()" line-rate="1" branch-rate="1" complexity="1">
              <lines>
                <line number="9" hits="19" branch="False" />
              </lines>
            </method>
            <method name="get_ProvinceId" signature="()" line-rate="1" branch-rate="1" complexity="1">
              <lines>
                <line number="10" hits="7" branch="False" />
              </lines>
            </method>
            <method name="get_IsActive" signature="()" line-rate="1" branch-rate="1" complexity="1">
              <lines>
                <line number="11" hits="18" branch="False" />
              </lines>
            </method>
            <method name="get_CreatedDate" signature="()" line-rate="1" branch-rate="1" complexity="1">
              <lines>
                <line number="12" hits="15" branch="False" />
              </lines>
            </method>
            <method name="get_ModifiedDate" signature="()" line-rate="1" branch-rate="1" complexity="1">
              <lines>
                <line number="13" hits="4" branch="False" />
              </lines>
            </method>
            <method name="get_CreatedBy" signature="()" line-rate="1" branch-rate="1" complexity="1">
              <lines>
                <line number="14" hits="16" branch="False" />
              </lines>
            </method>
            <method name="get_ModifiedBy" signature="()" line-rate="1" branch-rate="1" complexity="1">
              <lines>
                <line number="15" hits="4" branch="False" />
              </lines>
            </method>
            <method name="get_Province" signature="()" line-rate="1" branch-rate="1" complexity="1">
              <lines>
                <line number="17" hits="17" branch="False" />
              </lines>
            </method>
            <method name="get_Suppliers" signature="()" line-rate="1" branch-rate="1" complexity="1">
              <lines>
                <line number="18" hits="21" branch="False" />
              </lines>
            </method>
          </methods>
          <lines>
            <line number="8" hits="8" branch="False" />
            <line number="9" hits="19" branch="False" />
            <line number="10" hits="7" branch="False" />
            <line number="11" hits="18" branch="False" />
            <line number="12" hits="15" branch="False" />
            <line number="13" hits="4" branch="False" />
            <line number="14" hits="16" branch="False" />
            <line number="15" hits="4" branch="False" />
            <line number="17" hits="17" branch="False" />
            <line number="18" hits="21" branch="False" />
          </lines>
        </class>
        <class name="EcommerceApp.Domain.Entities.Invoice" filename="modernize-data/studio-data/TNT1001/APP2719/transformed-code/858/studio-workspace/Ecommerce-component/src/EcommerceApp.Domain/Entities/Invoice.cs" line-rate="1" branch-rate="1" complexity="13">
          <methods>
            <method name="get_Id" signature="()" line-rate="1" branch-rate="1" complexity="1">
              <lines>
                <line number="8" hits="9" branch="False" />
              </lines>
            </method>
            <method name="get_CustomerDni" signature="()" line-rate="1" branch-rate="1" complexity="1">
              <lines>
                <line number="9" hits="22" branch="False" />
              </lines>
            </method>
            <method name="get_InvoiceDate" signature="()" line-rate="1" branch-rate="1" complexity="1">
              <lines>
                <line number="10" hits="21" branch="False" />
              </lines>
            </method>
            <method name="get_Total" signature="()" line-rate="1" branch-rate="1" complexity="1">
              <lines>
                <line number="11" hits="8" branch="False" />
              </lines>
            </method>
            <method name="get_PaymentMethodId" signature="()" line-rate="1" branch-rate="1" complexity="1">
              <lines>
                <line number="12" hits="4" branch="False" />
              </lines>
            </method>
            <method name="get_IsActive" signature="()" line-rate="1" branch-rate="1" complexity="1">
              <lines>
                <line number="13" hits="22" branch="False" />
              </lines>
            </method>
            <method name="get_CreatedDate" signature="()" line-rate="1" branch-rate="1" complexity="1">
              <lines>
                <line number="14" hits="19" branch="False" />
              </lines>
            </method>
            <method name="get_ModifiedDate" signature="()" line-rate="1" branch-rate="1" complexity="1">
              <lines>
                <line number="15" hits="4" branch="False" />
              </lines>
            </method>
            <method name="get_CreatedBy" signature="()" line-rate="1" branch-rate="1" complexity="1">
              <lines>
                <line number="16" hits="20" branch="False" />
              </lines>
            </method>
            <method name="get_ModifiedBy" signature="()" line-rate="1" branch-rate="1" complexity="1">
              <lines>
                <line number="17" hits="4" branch="False" />
              </lines>
            </method>
            <method name="get_Customer" signature="()" line-rate="1" branch-rate="1" complexity="1">
              <lines>
                <line number="19" hits="21" branch="False" />
              </lines>
            </method>
            <method name="get_PaymentMethod" signature="()" line-rate="1" branch-rate="1" complexity="1">
              <lines>
                <line number="20" hits="21" branch="False" />
              </lines>
            </method>
            <method name="get_InvoiceDetails" signature="()" line-rate="1" branch-rate="1" complexity="1">
              <lines>
                <line number="21" hits="25" branch="False" />
              </lines>
            </method>
          </methods>
          <lines>
            <line number="8" hits="9" branch="False" />
            <line number="9" hits="22" branch="False" />
            <line number="10" hits="21" branch="False" />
            <line number="11" hits="8" branch="False" />
            <line number="12" hits="4" branch="False" />
            <line number="13" hits="22" branch="False" />
            <line number="14" hits="19" branch="False" />
            <line number="15" hits="4" branch="False" />
            <line number="16" hits="20" branch="False" />
            <line number="17" hits="4" branch="False" />
            <line number="19" hits="21" branch="False" />
            <line number="20" hits="21" branch="False" />
            <line number="21" hits="25" branch="False" />
          </lines>
        </class>
        <class name="EcommerceApp.Domain.Entities.InvoiceDetail" filename="modernize-data/studio-data/TNT1001/APP2719/transformed-code/858/studio-workspace/Ecommerce-component/src/EcommerceApp.Domain/Entities/InvoiceDetail.cs" line-rate="1" branch-rate="1" complexity="11">
          <methods>
            <method name="get_InvoiceId" signature="()" line-rate="1" branch-rate="1" complexity="1">
              <lines>
                <line number="8" hits="5" branch="False" />
              </lines>
            </method>
            <method name="get_ProductId" signature="()" line-rate="1" branch-rate="1" complexity="1">
              <lines>
                <line number="9" hits="6" branch="False" />
              </lines>
            </method>
            <method name="get_Quantity" signature="()" line-rate="1" branch-rate="1" complexity="1">
              <lines>
                <line number="10" hits="10" branch="False" />
              </lines>
            </method>
            <method name="get_UnitPrice" signature="()" line-rate="1" branch-rate="1" complexity="1">
              <lines>
                <line number="11" hits="10" branch="False" />
              </lines>
            </method>
            <method name="get_Subtotal" signature="()" line-rate="1" branch-rate="1" complexity="1">
              <lines>
                <line number="12" hits="8" branch="False" />
              </lines>
            </method>
            <method name="get_CreatedDate" signature="()" line-rate="1" branch-rate="1" complexity="1">
              <lines>
                <line number="13" hits="17" branch="False" />
              </lines>
            </method>
            <method name="get_ModifiedDate" signature="()" line-rate="1" branch-rate="1" complexity="1">
              <lines>
                <line number="14" hits="4" branch="False" />
              </lines>
            </method>
            <method name="get_CreatedBy" signature="()" line-rate="1" branch-rate="1" complexity="1">
              <lines>
                <line number="15" hits="18" branch="False" />
              </lines>
            </method>
            <method name="get_ModifiedBy" signature="()" line-rate="1" branch-rate="1" complexity="1">
              <lines>
                <line number="16" hits="4" branch="False" />
              </lines>
            </method>
            <method name="get_Invoice" signature="()" line-rate="1" branch-rate="1" complexity="1">
              <lines>
                <line number="18" hits="19" branch="False" />
              </lines>
            </method>
            <method name="get_Product" signature="()" line-rate="1" branch-rate="1" complexity="1">
              <lines>
                <line number="19" hits="19" branch="False" />
              </lines>
            </method>
          </methods>
          <lines>
            <line number="8" hits="5" branch="False" />
            <line number="9" hits="6" branch="False" />
            <line number="10" hits="10" branch="False" />
            <line number="11" hits="10" branch="False" />
            <line number="12" hits="8" branch="False" />
            <line number="13" hits="17" branch="False" />
            <line number="14" hits="4" branch="False" />
            <line number="15" hits="18" branch="False" />
            <line number="16" hits="4" branch="False" />
            <line number="18" hits="19" branch="False" />
            <line number="19" hits="19" branch="False" />
          </lines>
        </class>
        <class name="EcommerceApp.Domain.Entities.PaymentMethod" filename="modernize-data/studio-data/TNT1001/APP2719/transformed-code/858/studio-workspace/Ecommerce-component/src/EcommerceApp.Domain/Entities/PaymentMethod.cs" line-rate="1" branch-rate="1" complexity="9">
          <methods>
            <method name="get_Id" signature="()" line-rate="1" branch-rate="1" complexity="1">
              <lines>
                <line number="8" hits="7" branch="False" />
              </lines>
            </method>
            <method name="get_Name" signature="()" line-rate="1" branch-rate="1" complexity="1">
              <lines>
                <line number="9" hits="20" branch="False" />
              </lines>
            </method>
            <method name="get_Description" signature="()" line-rate="1" branch-rate="1" complexity="1">
              <lines>
                <line number="10" hits="5" branch="False" />
              </lines>
            </method>
            <method name="get_IsActive" signature="()" line-rate="1" branch-rate="1" complexity="1">
              <lines>
                <line number="11" hits="17" branch="False" />
              </lines>
            </method>
            <method name="get_CreatedDate" signature="()" line-rate="1" branch-rate="1" complexity="1">
              <lines>
                <line number="12" hits="14" branch="False" />
              </lines>
            </method>
            <method name="get_ModifiedDate" signature="()" line-rate="1" branch-rate="1" complexity="1">
              <lines>
                <line number="13" hits="4" branch="False" />
              </lines>
            </method>
            <method name="get_CreatedBy" signature="()" line-rate="1" branch-rate="1" complexity="1">
              <lines>
                <line number="14" hits="15" branch="False" />
              </lines>
            </method>
            <method name="get_ModifiedBy" signature="()" line-rate="1" branch-rate="1" complexity="1">
              <lines>
                <line number="15" hits="4" branch="False" />
              </lines>
            </method>
            <method name="get_Invoices" signature="()" line-rate="1" branch-rate="1" complexity="1">
              <lines>
                <line number="17" hits="20" branch="False" />
              </lines>
            </method>
          </methods>
          <lines>
            <line number="8" hits="7" branch="False" />
            <line number="9" hits="20" branch="False" />
            <line number="10" hits="5" branch="False" />
            <line number="11" hits="17" branch="False" />
            <line number="12" hits="14" branch="False" />
            <line number="13" hits="4" branch="False" />
            <line number="14" hits="15" branch="False" />
            <line number="15" hits="4" branch="False" />
            <line number="17" hits="20" branch="False" />
          </lines>
        </class>
        <class name="EcommerceApp.Domain.Entities.Person" filename="modernize-data/studio-data/TNT1001/APP2719/transformed-code/858/studio-workspace/Ecommerce-component/src/EcommerceApp.Domain/Entities/Person.cs" line-rate="1" branch-rate="1" complexity="13">
          <methods>
            <method name="get_Dni" signature="()" line-rate="1" branch-rate="1" complexity="1">
              <lines>
                <line number="8" hits="51" branch="False" />
              </lines>
            </method>
            <method name="get_FirstName" signature="()" line-rate="1" branch-rate="1" complexity="1">
              <lines>
                <line number="9" hits="49" branch="False" />
              </lines>
            </method>
            <method name="get_LastName" signature="()" line-rate="1" branch-rate="1" complexity="1">
              <lines>
                <line number="10" hits="39" branch="False" />
              </lines>
            </method>
            <method name="get_Password" signature="()" line-rate="1" branch-rate="1" complexity="1">
              <lines>
                <line number="11" hits="38" branch="False" />
              </lines>
            </method>
            <method name="get_Phone" signature="()" line-rate="1" branch-rate="1" complexity="1">
              <lines>
                <line number="12" hits="36" branch="False" />
              </lines>
            </method>
            <method name="get_Email" signature="()" line-rate="1" branch-rate="1" complexity="1">
              <lines>
                <line number="13" hits="44" branch="False" />
              </lines>
            </method>
            <method name="get_IsAdmin" signature="()" line-rate="1" branch-rate="1" complexity="1">
              <lines>
                <line number="14" hits="8" branch="False" />
              </lines>
            </method>
            <method name="get_IsActive" signature="()" line-rate="1" branch-rate="1" complexity="1">
              <lines>
                <line number="15" hits="20" branch="False" />
              </lines>
            </method>
            <method name="get_CreatedDate" signature="()" line-rate="1" branch-rate="1" complexity="1">
              <lines>
                <line number="16" hits="32" branch="False" />
              </lines>
            </method>
            <method name="get_ModifiedDate" signature="()" line-rate="1" branch-rate="1" complexity="1">
              <lines>
                <line number="17" hits="4" branch="False" />
              </lines>
            </method>
            <method name="get_CreatedBy" signature="()" line-rate="1" branch-rate="1" complexity="1">
              <lines>
                <line number="18" hits="34" branch="False" />
              </lines>
            </method>
            <method name="get_ModifiedBy" signature="()" line-rate="1" branch-rate="1" complexity="1">
              <lines>
                <line number="19" hits="4" branch="False" />
              </lines>
            </method>
            <method name="get_Invoices" signature="()" line-rate="1" branch-rate="1" complexity="1">
              <lines>
[...]
              <lines>
                <line number="33" hits="4" branch="False" />
              </lines>
            </method>
            <method name=".ctor" signature="(EcommerceApp.Application.Interfaces.ICategoryService,Microsoft.Extensions.Logging.ILogger`1&lt;EcommerceApp.Web.Pages.Categories.EditModel&gt;)" line-rate="1" branch-rate="1" complexity="1">
              <lines>
                <line number="14" hits="7" branch="False" />
                <line number="15" hits="7" branch="False" />
                <line number="16" hits="7" branch="False" />
                <line number="17" hits="7" branch="False" />
                <line number="18" hits="7" branch="False" />
              </lines>
            </method>
          </methods>
          <lines>
            <line number="21" hits="7" branch="False" />
            <line number="26" hits="13" branch="False" />
            <line number="30" hits="4" branch="False" />
            <line number="33" hits="4" branch="False" />
            <line number="14" hits="7" branch="False" />
            <line number="15" hits="7" branch="False" />
            <line number="16" hits="7" branch="False" />
            <line number="17" hits="7" branch="False" />
            <line number="18" hits="7" branch="False" />
          </lines>
        </class>
        <class name="EcommerceApp.Web.Pages.Categories.EditModel/&lt;OnGetAsync&gt;d__19" filename="modernize-data/studio-data/TNT1001/APP2719/transformed-code/858/studio-workspace/Ecommerce-component/src/EcommerceApp.Web/Pages/Categories/Edit.cshtml.cs" line-rate="0.75" branch-rate="1" complexity="2">
          <methods>
            <method name="MoveNext" signature="()" line-rate="0.75" branch-rate="1" complexity="2">
              <lines>
                <line number="36" hits="2" branch="False" />
                <line number="38" hits="2" branch="False" />
                <line number="39" hits="2" branch="False" />
                <line number="40" hits="2" branch="True" condition-coverage="100% (2/2)">
                  <conditions>
                    <condition number="183" type="jump" coverage="100%" />
                  </conditions>
                </line>
                <line number="41" hits="1" branch="False" />
                <line number="42" hits="1" branch="False" />
                <line number="45" hits="1" branch="False" />
                <line number="46" hits="1" branch="False" />
                <line number="47" hits="1" branch="False" />
                <line number="48" hits="1" branch="False" />
                <line number="50" hits="1" branch="False" />
                <line number="52" hits="0" branch="False" />
                <line number="53" hits="0" branch="False" />
                <line number="54" hits="0" branch="False" />
                <line number="55" hits="0" branch="False" />
                <line number="57" hits="2" branch="False" />
              </lines>
            </method>
          </methods>
          <lines>
            <line number="36" hits="2" branch="False" />
            <line number="38" hits="2" branch="False" />
            <line number="39" hits="2" branch="False" />
            <line number="40" hits="2" branch="True" condition-coverage="100% (2/2)">
              <conditions>
                <condition number="183" type="jump" coverage="100%" />
              </conditions>
            </line>
            <line number="41" hits="1" branch="False" />
            <line number="42" hits="1" branch="False" />
            <line number="45" hits="1" branch="False" />
            <line number="46" hits="1" branch="False" />
            <line number="47" hits="1" branch="False" />
            <line number="48" hits="1" branch="False" />
            <line number="50" hits="1" branch="False" />
            <line number="52" hits="0" branch="False" />
            <line number="53" hits="0" branch="False" />
            <line number="54" hits="0" branch="False" />
            <line number="55" hits="0" branch="False" />
            <line number="57" hits="2" branch="False" />
          </lines>
        </class>
        <class name="EcommerceApp.Web.Pages.Categories.EditModel/&lt;OnPostAsync&gt;d__20" filename="modernize-data/studio-data/TNT1001/APP2719/transformed-code/858/studio-workspace/Ecommerce-component/src/EcommerceApp.Web/Pages/Categories/Edit.cshtml.cs" line-rate="1" branch-rate="1" complexity="2">
          <methods>
            <method name="MoveNext" signature="()" line-rate="1" branch-rate="1" complexity="2">
              <lines>
                <line number="60" hits="3" branch="False" />
                <line number="61" hits="3" branch="True" condition-coverage="100% (2/2)">
                  <conditions>
                    <condition number="36" type="jump" coverage="100%" />
                  </conditions>
                </line>
                <line number="62" hits="1" branch="False" />
                <line number="63" hits="1" branch="False" />
                <line number="67" hits="2" branch="False" />
                <line number="68" hits="2" branch="False" />
                <line number="69" hits="2" branch="False" />
                <line number="70" hits="2" branch="False" />
                <line number="71" hits="2" branch="False" />
                <line number="72" hits="2" branch="False" />
                <line number="73" hits="2" branch="False" />
                <line number="74" hits="2" branch="False" />
                <line number="76" hits="2" branch="False" />
                <line number="77" hits="1" branch="False" />
                <line number="79" hits="1" branch="False" />
                <line number="80" hits="1" branch="False" />
                <line number="81" hits="1" branch="False" />
                <line number="82" hits="1" branch="False" />
                <line number="83" hits="1" branch="False" />
                <line number="85" hits="3" branch="False" />
              </lines>
            </method>
          </methods>
          <lines>
            <line number="60" hits="3" branch="False" />
            <line number="61" hits="3" branch="True" condition-coverage="100% (2/2)">
              <conditions>
                <condition number="36" type="jump" coverage="100%" />
              </conditions>
            </line>
            <line number="62" hits="1" branch="False" />
            <line number="63" hits="1" branch="False" />
            <line number="67" hits="2" branch="False" />
            <line number="68" hits="2" branch="False" />
            <line number="69" hits="2" branch="False" />
            <line number="70" hits="2" branch="False" />
            <line number="71" hits="2" branch="False" />
            <line number="72" hits="2" branch="False" />
            <line number="73" hits="2" branch="False" />
            <line number="74" hits="2" branch="False" />
            <line number="76" hits="2" branch="False" />
            <line number="77" hits="1" branch="False" />
            <line number="79" hits="1" branch="False" />
            <line number="80" hits="1" branch="False" />
            <line number="81" hits="1" branch="False" />
            <line number="82" hits="1" branch="False" />
            <line number="83" hits="1" branch="False" />
            <line number="85" hits="3" branch="False" />
          </lines>
        </class>
        <class name="EcommerceApp.Web.Pages.Categories.IndexModel" filename="modernize-data/studio-data/TNT1001/APP2719/transformed-code/858/studio-workspace/Ecommerce-component/src/EcommerceApp.Web/Pages/Categories/Index.cshtml.cs" line-rate="1" branch-rate="1" complexity="2">
          <methods>
            <method name="get_Categories" signature="()" line-rate="1" branch-rate="1" complexity="1">
              <lines>
                <line number="18" hits="16" branch="False" />
              </lines>
            </method>
            <method name=".ctor" signature="(EcommerceApp.Application.Interfaces.ICategoryService,Microsoft.Extensions.Logging.ILogger`1&lt;EcommerceApp.Web.Pages.Categories.IndexModel&gt;)" line-rate="1" branch-rate="1" complexity="1">
              <lines>
                <line number="12" hits="5" branch="False" />
                <line number="13" hits="5" branch="False" />
                <line number="14" hits="5" branch="False" />
                <line number="15" hits="5" branch="False" />
                <line number="16" hits="5" branch="False" />
              </lines>
            </method>
          </methods>
          <lines>
            <line number="18" hits="16" branch="False" />
            <line number="12" hits="5" branch="False" />
            <line number="13" hits="5" branch="False" />
            <line number="14" hits="5" branch="False" />
            <line number="15" hits="5" branch="False" />
            <line number="16" hits="5" branch="False" />
          </lines>
        </class>
        <class name="EcommerceApp.Web.Pages.Categories.IndexModel/&lt;OnGetAsync&gt;d__7" filename="modernize-data/studio-data/TNT1001/APP2719/transformed-code/858/studio-workspace/Ecommerce-component/src/EcommerceApp.Web/Pages/Categories/Index.cshtml.cs" line-rate="1" branch-rate="1" complexity="1">
          <methods>
            <method name="MoveNext" signature="()" line-rate="1" branch-rate="1" complexity="1">
              <lines>
                <line number="21" hits="3" branch="False" />
                <line number="23" hits="3" branch="False" />
                <line number="24" hits="3" branch="False" />
                <line number="25" hits="2" branch="False" />
                <line number="26" hits="1" branch="False" />
                <line number="27" hits="1" branch="False" />
                <line number="28" hits="1" branch="False" />
                <line number="29" hits="1" branch="False" />
                <line number="30" hits="1" branch="False" />
                <line number="31" hits="3" branch="False" />
              </lines>
            </method>
          </methods>
          <lines>
            <line number="21" hits="3" branch="False" />
            <line number="23" hits="3" branch="False" />
            <line number="24" hits="3" branch="False" />
            <line number="25" hits="2" branch="False" />
            <line number="26" hits="1" branch="False" />
            <line number="27" hits="1" branch="False" />
            <line number="28" hits="1" branch="False" />
            <line number="29" hits="1" branch="False" />
            <line number="30" hits="1" branch="False" />
            <line number="31" hits="3" branch="False" />
          </lines>
        </class>
        <class name="EcommerceApp.Web.Pages.Categories.Pages_Categories_Create/&lt;&lt;ExecuteAsync&gt;b__20_1&gt;d" filename="modernize-data/studio-data/TNT1001/APP2719/transformed-code/858/studio-workspace/Ecommerce-component/src/EcommerceApp.Web/Pages/Categories/Create.cshtml" line-rate="0" branch-rate="1" complexity="1">
          <methods>
            <method name="MoveNext" signature="()" line-rate="0" branch-rate="1" complexity="1">
              <lines>
                <line number="32" hits="0" branch="False" />
              </lines>
            </method>
          </methods>
          <lines>
            <line number="32" hits="0" branch="False" />
          </lines>
        </class>
        <class name="EcommerceApp.Web.Pages.Categories.Pages_Categories_Create/&lt;ExecuteAsync&gt;d__20" filename="modernize-data/studio-data/TNT1001/APP2719/transformed-code/858/studio-workspace/Ecommerce-component/src/EcommerceApp.Web/Pages/Categories/Create.cshtml" line-rate="0" branch-rate="0" complexity="2">
          <methods>
            <method name="MoveNext" signature="()" line-rate="0" branch-rate="0" complexity="2">
              <lines>
                <line number="4" hits="0" branch="True" condition-coverage="0% (0/2)">
                  <conditions>
                    <condition number="425" type="jump" coverage="0%" />
                  </conditions>
                </line>
              </lines>
            </method>
          </methods>
          <lines>
            <line number="4" hits="0" branch="True" condition-coverage="0% (0/2)">
              <conditions>
                <condition number="425" type="jump" coverage="0%" />
              </conditions>
            </line>
          </lines>
        </class>
        <class name="EcommerceApp.Web.Pages.Categories.Pages_Categories_Delete/&lt;ExecuteAsync&gt;d__14" filename="modernize-data/studio-data/TNT1001/APP2719/transformed-code/858/studio-workspace/Ecommerce-component/src/EcommerceApp.Web/Pages/Categories/Delete.cshtml" line-rate="0" branch-rate="0" complexity="4">
          <methods>
            <method name="MoveNext" signature="()" line-rate="0" branch-rate="0" complexity="4">
              <lines>
                <line number="4" hits="0" branch="True" condition-coverage="0% (0/4)">
                  <conditions>
                    <condition number="255" type="jump" coverage="0%" />
                    <condition number="644" type="jump" coverage="0%" />
                  </conditions>
                </line>
              </lines>
            </method>
          </methods>
          <lines>
            <line number="4" hits="0" branch="True" condition-coverage="0% (0/4)">
              <conditions>
                <condition number="255" type="jump" coverage="0%" />
                <condition number="644" type="jump" coverage="0%" />
              </conditions>
            </line>
          </lines>
        </class>
        <class name="EcommerceApp.Web.Pages.Categories.Pages_Categories_Details/&lt;ExecuteAsync&gt;d__11" filename="modernize-data/studio-data/TNT1001/APP2719/transformed-code/858/studio-workspace/Ecommerce-component/src/EcommerceApp.Web/Pages/Categories/Details.cshtml" line-rate="0" branch-rate="0" complexity="8">
          <methods>
            <method name="MoveNext" signature="()" line-rate="0" branch-rate="0" complexity="8">
              <lines>
                <line number="4" hits="0" branch="True" condition-coverage="0% (0/8)">
                  <conditions>
                    <condition number="278" type="jump" coverage="0%" />
                    <condition number="495" type="jump" coverage="0%" />
                    <condition number="856" type="jump" coverage="0%" />
                    <condition number="1370" type="jump" coverage="0%" />
                  </conditions>
                </line>
              </lines>
            </method>
          </methods>
          <lines>
            <line number="4" hits="0" branch="True" condition-coverage="0% (0/8)">
              <conditions>
                <condition number="278" type="jump" coverage="0%" />
                <condition number="495" type="jump" coverage="0%" />
                <condition number="856" type="jump" coverage="0%" />
                <condition number="1370" type="jump" coverage="0%" />
              </conditions>
            </line>
          </lines>
        </class>
        <class name="EcommerceApp.Web.Pages.Categories.Pages_Categories_Edit/&lt;&lt;ExecuteAsync&gt;b__23_1&gt;d" filename="modernize-data/studio-data/TNT1001/APP2719/transformed-code/858/studio-workspace/Ecommerce-component/src/EcommerceApp.Web/Pages/Categories/Edit.cshtml" line-rate="0" branch-rate="1" complexity="1">
          <methods>
            <method name="MoveNext" signature="()" line-rate="0" branch-rate="1" complexity="1">
              <lines>
                <line number="39" hits="0" branch="False" />
              </lines>
            </method>
          </methods>
          <lines>
            <line number="39" hits="0" branch="False" />
          </lines>
        </class>
        <class name="EcommerceApp.Web.Pages.Categories.Pages_Categories_Edit/&lt;ExecuteAsync&gt;d__23" filename="modernize-data/studio-data/TNT1001/APP2719/transformed-code/858/studio-workspace/Ecommerce-component/src/EcommerceApp.Web/Pages/Categories/Edit.cshtml" line-rate="0" branch-rate="0" complexity="2">
          <methods>
            <method name="MoveNext" signature="()" line-rate="0" branch-rate="0" complexity="2">
              <lines>
                <line number="4" hits="0" branch="True" condition-coverage="0% (0/2)">
                  <conditions>
                    <condition number="425" type="jump" coverage="0%" />
                  </conditions>
                </line>
              </lines>
            </method>
          </methods>
          <lines>
            <line number="4" hits="0" branch="True" condition-coverage="0% (0/2)">
              <conditions>
                <condition number="425" type="jump" coverage="0%" />
              </conditions>
            </line>
          </lines>
        </class>
        <class name="EcommerceApp.Web.Pages.Categories.Pages_Categories_Index/&lt;ExecuteAsync&gt;d__15" filename="modernize-data/studio-data/TNT1001/APP2719/transformed-code/858/studio-workspace/Ecommerce-component/src/EcommerceApp.Web/Pages/Categories/Index.cshtml" line-rate="0" branch-rate="0" complexity="18">
          <methods>
            <method name="MoveNext" signature="()" line-rate="0" branch-rate="0" complexity="18">
              <lines>
                <line number="4" hits="0" branch="True" condition-coverage="0% (0/2)">
                  <conditions>
                    <condition number="431" type="jump" coverage="0%" />
                  </conditions>
                </line>
                <line number="24" hits="0" branch="True" condition-coverage="0% (0/2)">
                  <conditions>
                    <condition number="3110" type="jump" coverage="0%" />
                  </conditions>
                </line>
                <line number="25" hits="0" branch="True" condition-coverage="0% (0/14)">
                  <conditions>
                    <condition number="891" type="jump" coverage="0%" />
                    <condition number="1110" type="jump" coverage="0%" />
                    <condition number="1464" type="jump" coverage="0%" />
                    <condition number="1831" type="jump" coverage="0%" />
                    <condition number="2185" type="jump" coverage="0%" />
                    <condition number="2552" type="jump" coverage="0%" />
                    <condition number="2906" type="jump" coverage="0%" />
                  </conditions>
                </line>
                <line number="37" hits="0" branch="False" />
              </lines>
            </method>
          </methods>
          <lines>
            <line number="4" hits="0" branch="True" condition-coverage="0% (0/2)">
              <conditions>
                <condition number="431" type="jump" coverage="0%" />
              </conditions>
            </line>
            <line number="24" hits="0" branch="True" condition-coverage="0% (0/2)">
              <conditions>
                <condition number="3110" type="jump" coverage="0%" />
              </conditions>
            </line>
            <line number="25" hits="0" branch="True" condition-coverage="0% (0/14)">
              <conditions>
                <condition number="891" type="jump" coverage="0%" />
                <condition number="1110" type="jump" coverage="0%" />
                <condition number="1464" type="jump" coverage="0%" />
                <condition number="1831" type="jump" coverage="0%" />
                <condition number="2185" type="jump" coverage="0%" />
                <condition number="2552" type="jump" coverage="0%" />
                <condition number="2906" type="jump" coverage="0%" />
              </conditions>
            </line>
            <line number="37" hits="0" branch="False" />
          </lines>
        </class>
      </classes>
    </package>
  </packages>
</coverage>